06/20/2022 12:40:49 PM Flask server started.
06/20/2022 12:42:34 PM Flask server started.
06/20/2022 12:44:24 PM Flask server started.
06/20/2022 12:44:24 PM  * Running on http://127.0.0.1:5000 (Press CTRL+C to quit)
06/20/2022 12:44:41 PM Flask server started.
06/20/2022 12:44:41 PM  * Running on http://127.0.0.1:5000 (Press CTRL+C to quit)
06/20/2022 12:44:41 PM  * Restarting with stat
06/20/2022 12:44:41 PM Flask server started.
06/20/2022 12:44:41 PM  * Debugger PIN: 484-481-048
06/20/2022 12:44:53 PM 127.0.0.1 - - [20/Jun/2022 12:44:53] "[32mGET /synel HTTP/1.1[0m" 308 -
06/20/2022 12:44:53 PM 127.0.0.1 - - [20/Jun/2022 12:44:53] "GET /synel/ HTTP/1.1" 200 -
06/20/2022 12:44:53 PM 127.0.0.1 - - [20/Jun/2022 12:44:53] "[33mGET /favicon.ico HTTP/1.1[0m" 404 -
06/20/2022 02:24:54 PM Starting new HTTPS connection (1): apidev.medatecherp.co.uk:443
06/20/2022 02:24:56 PM https://apidev.medatecherp.co.uk:443 "GET /odata/Priority/tabula.ini/demo/LOGPART?$select=PARTNAME,%20PARTDES HTTP/1.1" 200 None
06/20/2022 02:25:42 PM Starting new HTTPS connection (1): apidev.medatecherp.co.uk:443
06/20/2022 02:25:43 PM https://apidev.medatecherp.co.uk:443 "GET /odata/Priority/tabula.ini/demo/USERSB HTTP/1.1" 400 111
06/20/2022 02:26:08 PM Starting new HTTPS connection (1): apidev.medatecherp.co.uk:443
06/20/2022 02:26:09 PM https://apidev.medatecherp.co.uk:443 "GET /odata/Priority/tabula.ini/demo/USERSB HTTP/1.1" 400 111
06/20/2022 02:27:18 PM Starting new HTTPS connection (1): apidev.medatecherp.co.uk:443
06/20/2022 02:27:21 PM https://apidev.medatecherp.co.uk:443 "GET /odata/Priority/tabula.ini/demo/USERSB HTTP/1.1" 400 None
06/20/2022 02:27:31 PM Starting new HTTPS connection (1): apidev.medatecherp.co.uk:443
06/20/2022 02:27:31 PM https://apidev.medatecherp.co.uk:443 "GET /odata/Priority/tabula.ini/demo/USERSB HTTP/1.1" 400 None
06/20/2022 02:34:40 PM Starting new HTTPS connection (1): apidev.medatecherp.co.uk:443
06/20/2022 02:34:41 PM https://apidev.medatecherp.co.uk:443 "GET /odata/Priority/tabula.ini/demo/USERSB HTTP/1.1" 400 111
06/20/2022 02:35:09 PM Starting new HTTPS connection (1): apidev.medatecherp.co.uk:443
06/20/2022 02:35:13 PM https://apidev.medatecherp.co.uk:443 "GET /odata/Priority/tabula.ini/demo/USERSB HTTP/1.1" 400 None
06/20/2022 02:35:48 PM Starting new HTTPS connection (1): apidev.medatecherp.co.uk:443
06/20/2022 02:35:48 PM https://apidev.medatecherp.co.uk:443 "GET /odata/Priority/tabula.ini/demo/USERSB HTTP/1.1" 400 None
06/20/2022 02:36:08 PM Starting new HTTPS connection (1): apidev.medatecherp.co.uk:443
06/20/2022 02:36:12 PM https://apidev.medatecherp.co.uk:443 "GET /odata/Priority/tabula.ini/demo/USERSB HTTP/1.1" 400 None
06/20/2022 02:36:38 PM Starting new HTTPS connection (1): apidev.medatecherp.co.uk:443
06/20/2022 02:36:39 PM https://apidev.medatecherp.co.uk:443 "GET /odata/Priority/tabula.ini/demo/USERS HTTP/1.1" 400 None
06/20/2022 02:36:43 PM Starting new HTTPS connection (1): apidev.medatecherp.co.uk:443
06/20/2022 02:36:45 PM https://apidev.medatecherp.co.uk:443 "GET /odata/Priority/tabula.ini/demo/ORDERS HTTP/1.1" 200 None
06/20/2022 02:36:53 PM Starting new HTTPS connection (1): apidev.medatecherp.co.uk:443
06/20/2022 02:36:53 PM https://apidev.medatecherp.co.uk:443 "GET /odata/Priority/tabula.ini/demo/USERSB HTTP/1.1" 400 111
06/20/2022 02:38:16 PM Starting new HTTPS connection (1): apidev.medatecherp.co.uk:443
06/20/2022 02:38:16 PM https://apidev.medatecherp.co.uk:443 "GET /odata/Priority/tabula.ini/demo/USERSB HTTP/1.1" 400 111
06/20/2022 02:38:17 PM Starting new HTTPS connection (1): apidev.medatecherp.co.uk:443
06/20/2022 02:38:17 PM https://apidev.medatecherp.co.uk:443 "GET /odata/Priority/tabula.ini/demo/USERSB HTTP/1.1" 400 111
06/20/2022 02:38:18 PM Starting new HTTPS connection (1): apidev.medatecherp.co.uk:443
06/20/2022 02:38:18 PM https://apidev.medatecherp.co.uk:443 "GET /odata/Priority/tabula.ini/demo/USERSB HTTP/1.1" 400 111
06/20/2022 02:38:18 PM Starting new HTTPS connection (1): apidev.medatecherp.co.uk:443
06/20/2022 02:38:19 PM https://apidev.medatecherp.co.uk:443 "GET /odata/Priority/tabula.ini/demo/USERSB HTTP/1.1" 400 111
06/20/2022 02:38:19 PM Starting new HTTPS connection (1): apidev.medatecherp.co.uk:443
06/20/2022 02:38:19 PM https://apidev.medatecherp.co.uk:443 "GET /odata/Priority/tabula.ini/demo/USERSB HTTP/1.1" 400 111
06/20/2022 02:39:04 PM Starting new HTTPS connection (1): apidev.medatecherp.co.uk:443
06/20/2022 02:39:06 PM https://apidev.medatecherp.co.uk:443 "GET /odata/Priority/tabula.ini/demo/USERSB HTTP/1.1" 200 None
06/20/2022 02:44:53 PM Starting new HTTPS connection (1): apidev.medatecherp.co.uk:443
06/20/2022 02:44:54 PM https://apidev.medatecherp.co.uk:443 "GET /odata/Priority/tabula.ini/demo/USERSB?$select=USERID,%20FIRSTNAME,%20FAMILYNAME, HTTP/1.1" 200 None
06/20/2022 03:01:02 PM Starting new HTTPS connection (1): apidev.medatecherp.co.uk:443
06/20/2022 03:01:02 PM https://apidev.medatecherp.co.uk:443 "GET /odata/Priority/tabula.ini/demo/USERSB?$select=USERID,%20FIRSTNAME,%20FAMILYNAME, HTTP/1.1" 200 None
06/20/2022 03:02:55 PM Starting new HTTPS connection (1): apidev.medatecherp.co.uk:443
06/20/2022 03:02:55 PM https://apidev.medatecherp.co.uk:443 "GET /odata/Priority/tabula.ini/demo/USERSB?$select=USERID,%20FIRSTNAME,%20FAMILYNAME, HTTP/1.1" 200 None
06/20/2022 03:05:22 PM Starting new HTTPS connection (1): apidev.medatecherp.co.uk:443
06/20/2022 03:05:22 PM https://apidev.medatecherp.co.uk:443 "GET /odata/Priority/tabula.ini/demo/USERSB?$select=USERID,%20FIRSTNAME,%20FAMILYNAME, HTTP/1.1" 200 None
06/20/2022 03:05:35 PM Starting new HTTPS connection (1): apidev.medatecherp.co.uk:443
06/20/2022 03:05:36 PM https://apidev.medatecherp.co.uk:443 "GET /odata/Priority/tabula.ini/demo/USERSB?$select=USERID,%20FIRSTNAME,%20FAMILYNAME, HTTP/1.1" 200 None
06/20/2022 03:06:49 PM Starting new HTTPS connection (1): apidev.medatecherp.co.uk:443
06/20/2022 03:06:49 PM https://apidev.medatecherp.co.uk:443 "GET /odata/Priority/tabula.ini/demo/USERSB?$select=USERID,%20FIRSTNAME,%20FAMILYNAME,%20EMPINACTIVE HTTP/1.1" 200 None
06/20/2022 03:07:14 PM Starting new HTTPS connection (1): apidev.medatecherp.co.uk:443
06/20/2022 03:07:15 PM https://apidev.medatecherp.co.uk:443 "GET /odata/Priority/tabula.ini/demo/USERSB?$select=USERID,%20FIRSTNAME,%20FAMILYNAME,%20EMPINACTIVE HTTP/1.1" 200 586
06/20/2022 03:12:50 PM Starting new HTTPS connection (1): apidev.medatecherp.co.uk:443
06/20/2022 03:12:51 PM https://apidev.medatecherp.co.uk:443 "GET /odata/Priority/tabula.ini/demo/USERSB?$select=USERID,%20FIRSTNAME,%20FAMILYNAME,%20EMPINACTIVE HTTP/1.1" 200 None
06/20/2022 03:12:51 PM Starting new HTTP connection (1): synel-saas.com:80
06/20/2022 03:12:51 PM http://synel-saas.com:80 "POST /ExternalAccess/InsertUpdateEmployees?login=APIAccess&password=MTonHO)5,8TS&%20employees=%5B%7B'ExternalId':%203,%20'EmployeeNo':%203,%20'BadgeNo':%203,%20'FirstName':%20'Christine',%20'LastName':%20'Lidgey',%20'StartDate':%20'2022-01-01',%20'DepartmentCode':%20'0',%20'IsActive':%20False%7D,%20%7B'ExternalId':%202,%20'EmployeeNo':%202,%20'BadgeNo':%202,%20'FirstName':%20'Kemal',%20'LastName':%20'Yesildagli',%20'StartDate':%20'2022-01-01',%20'DepartmentCode':%20'0',%20'IsActive':%20False%7D,%20%7B'ExternalId':%201,%20'EmployeeNo':%201,%20'BadgeNo':%201,%20'FirstName':%20None,%20'LastName':%20None,%20'StartDate':%20'2022-01-01',%20'DepartmentCode':%20'0',%20'IsActive':%20False%7D,%20%7B'ExternalId':%204,%20'EmployeeNo':%204,%20'BadgeNo':%204,%20'FirstName':%20'nikita',%20'LastName':%20None,%20'StartDate':%20'2022-01-01',%20'DepartmentCode':%20'0',%20'IsActive':%20False%7D,%20%7B'ExternalId':%205,%20'EmployeeNo':%205,%20'BadgeNo':%205,%20'FirstName':%20'test',%20'LastName':%20None,%20'StartDate':%20'2022-01-01',%20'DepartmentCode':%20'0',%20'IsActive':%20True%7D,%20%7B'ExternalId':%206,%20'EmployeeNo':%206,%20'BadgeNo':%206,%20'FirstName':%20'testapi',%20'LastName':%20None,%20'StartDate':%20'2022-01-01',%20'DepartmentCode':%20'0',%20'IsActive':%20False%7D%5D HTTP/1.1" 404 196
06/20/2022 03:13:06 PM Starting new HTTPS connection (1): apidev.medatecherp.co.uk:443
06/20/2022 03:13:06 PM https://apidev.medatecherp.co.uk:443 "GET /odata/Priority/tabula.ini/demo/USERSB?$select=USERID,%20FIRSTNAME,%20FAMILYNAME,%20EMPINACTIVE HTTP/1.1" 200 None
06/20/2022 03:13:06 PM Starting new HTTP connection (1): dunlopsystems.synel-saas.com:80
06/20/2022 03:39:29 PM Starting new HTTPS connection (1): apidev.medatecherp.co.uk:443
06/20/2022 03:39:30 PM https://apidev.medatecherp.co.uk:443 "GET /odata/Priority/tabula.ini/demo/USERSB?$select=USERID,%20FIRSTNAME,%20FAMILYNAME,%20EMPINACTIVE HTTP/1.1" 200 586
06/20/2022 03:39:30 PM Starting new HTTP connection (1): dunlopsystems.synel-saas.com:80
06/20/2022 03:40:07 PM Starting new HTTPS connection (1): apidev.medatecherp.co.uk:443
06/20/2022 03:40:07 PM https://apidev.medatecherp.co.uk:443 "GET /odata/Priority/tabula.ini/demo/USERSB?$select=USERID,%20FIRSTNAME,%20FAMILYNAME,%20EMPINACTIVE HTTP/1.1" 200 None
06/20/2022 03:40:07 PM Starting new HTTP connection (1): dunlopsystems.synel-saas.com:80
06/20/2022 03:41:54 PM Starting new HTTPS connection (1): apidev.medatecherp.co.uk:443
06/20/2022 03:41:54 PM https://apidev.medatecherp.co.uk:443 "GET /odata/Priority/tabula.ini/demo/USERSB?$select=USERID,%20FIRSTNAME,%20FAMILYNAME,%20EMPINACTIVE HTTP/1.1" 200 None
06/20/2022 03:41:54 PM Starting new HTTP connection (1): dunlopsystems.synel-saas.com:80
06/20/2022 03:42:40 PM Starting new HTTPS connection (1): apidev.medatecherp.co.uk:443
06/20/2022 03:42:40 PM https://apidev.medatecherp.co.uk:443 "GET /odata/Priority/tabula.ini/demo/USERSB?$select=USERID,%20FIRSTNAME,%20FAMILYNAME,%20EMPINACTIVE HTTP/1.1" 200 None
06/20/2022 03:42:40 PM Starting new HTTP connection (1): dunlopsystems.synel-saas.com:80
06/20/2022 03:47:08 PM Starting new HTTPS connection (1): apidev.medatecherp.co.uk:443
06/20/2022 03:47:08 PM https://apidev.medatecherp.co.uk:443 "GET /odata/Priority/tabula.ini/demo/USERSB?$select=USERID,%20FIRSTNAME,%20FAMILYNAME,%20EMPINACTIVE HTTP/1.1" 200 None
06/20/2022 03:47:08 PM Starting new HTTP connection (1): dunlopsystems.synel-saas.com:80
06/21/2022 10:00:15 AM Starting new HTTPS connection (1): apidev.medatecherp.co.uk:443
06/21/2022 11:01:26 AM Starting new HTTPS connection (1): apidev.medatecherp.co.uk:443
06/21/2022 11:01:31 AM https://apidev.medatecherp.co.uk:443 "GET /odata/Priority/tabula.ini/demo/USERSB?$select=USERID,%20FIRSTNAME,%20FAMILYNAME,%20EMPINACTIVE HTTP/1.1" 200 None
06/21/2022 11:01:31 AM Starting new HTTP connection (1): dunlopsystems.synel-saas.com:80
06/21/2022 11:01:56 AM  * Running on http://127.0.0.1:5000 (Press CTRL+C to quit)
06/21/2022 11:01:56 AM  * Restarting with stat
06/21/2022 11:01:58 AM 127.0.0.1 - - [21/Jun/2022 11:01:58] "[32mGET /synel HTTP/1.1[0m" 308 -
06/21/2022 11:01:58 AM 127.0.0.1 - - [21/Jun/2022 11:01:58] "GET /synel/ HTTP/1.1" 200 -
06/21/2022 11:01:58 AM 127.0.0.1 - - [21/Jun/2022 11:01:58] "[33mGET /favicon.ico HTTP/1.1[0m" 404 -
06/21/2022 11:50:37 AM 127.0.0.1 - - [21/Jun/2022 11:50:37] "[33mGET / HTTP/1.1[0m" 404 -
06/21/2022 11:50:49 AM 127.0.0.1 - - [21/Jun/2022 11:50:49] "[33mGET / HTTP/1.1[0m" 404 -
06/21/2022 11:50:50 AM 127.0.0.1 - - [21/Jun/2022 11:50:50] "[33mGET /favicon.ico HTTP/1.1[0m" 404 -
06/21/2022 11:50:55 AM 127.0.0.1 - - [21/Jun/2022 11:50:55] "[32mGET /synel HTTP/1.1[0m" 308 -
06/21/2022 11:50:56 AM 127.0.0.1 - - [21/Jun/2022 11:50:56] "GET /synel/ HTTP/1.1" 200 -
06/21/2022 11:50:57 AM 127.0.0.1 - - [21/Jun/2022 11:50:57] "[33mGET /favicon.ico HTTP/1.1[0m" 404 -
06/21/2022 11:50:57 AM 127.0.0.1 - - [21/Jun/2022 11:50:57] "GET /synel/ HTTP/1.1" 200 -
06/21/2022 11:50:57 AM 127.0.0.1 - - [21/Jun/2022 11:50:57] "[32mGET /synel HTTP/1.1[0m" 308 -
06/21/2022 11:50:58 AM 127.0.0.1 - - [21/Jun/2022 11:50:58] "GET /synel/ HTTP/1.1" 200 -
06/21/2022 11:51:09 AM  * Detected change in 'C:\\Users\\kemalyesildagli\\Documents\\Projects\\priority-synel\\app.py', reloading
06/21/2022 11:51:09 AM  * Restarting with stat
06/21/2022 11:51:11 AM 127.0.0.1 - - [21/Jun/2022 11:51:11] "GET /synel/ HTTP/1.1" 200 -
06/21/2022 11:51:17 AM  * Detected change in 'C:\\Users\\kemalyesildagli\\Documents\\Projects\\priority-synel\\app.py', reloading
06/21/2022 11:51:17 AM  * Restarting with stat
06/21/2022 12:03:50 PM  * Detected change in 'C:\\Users\\kemalyesildagli\\Documents\\Projects\\priority-synel\\app.py', reloading
06/21/2022 12:03:50 PM  * Restarting with stat
06/21/2022 12:06:14 PM  * Running on http://127.0.0.1:5000 (Press CTRL+C to quit)
06/21/2022 12:06:14 PM  * Restarting with stat
06/21/2022 12:18:46 PM  * Detected change in 'C:\\Users\\kemalyesildagli\\Documents\\Projects\\priority-synel\\app.py', reloading
06/21/2022 12:18:46 PM  * Restarting with stat
06/21/2022 12:22:01 PM  * Detected change in 'C:\\Users\\kemalyesildagli\\Documents\\Projects\\priority-synel\\app.py', reloading
06/21/2022 12:22:01 PM  * Restarting with stat
06/21/2022 12:27:04 PM 127.0.0.1 - - [21/Jun/2022 12:27:04] "[33mPOST /synel/manageEmployee HTTP/1.1[0m" 404 -
06/21/2022 12:27:18 PM 127.0.0.1 - - [21/Jun/2022 12:27:18] "[33mPOST /synel/manageEmployee HTTP/1.1[0m" 404 -
06/21/2022 12:27:25 PM  * Detected change in 'C:\\Users\\kemalyesildagli\\Documents\\Projects\\priority-synel\\app.py', reloading
06/21/2022 12:27:25 PM  * Restarting with stat
06/21/2022 12:27:30 PM 127.0.0.1 - - [21/Jun/2022 12:27:30] "[33mPOST /synel/manageEmployee HTTP/1.1[0m" 404 -
06/21/2022 12:27:38 PM  * Detected change in 'C:\\Users\\kemalyesildagli\\Documents\\Projects\\priority-synel\\app.py', reloading
06/21/2022 12:27:38 PM  * Restarting with stat
06/21/2022 12:27:39 PM 127.0.0.1 - - [21/Jun/2022 12:27:39] "[33mPOST /synel/manageEmployee HTTP/1.1[0m" 404 -
06/21/2022 12:28:12 PM  * Detected change in 'C:\\Users\\kemalyesildagli\\Documents\\Projects\\priority-synel\\app.py', reloading
06/21/2022 12:28:12 PM  * Restarting with stat
06/21/2022 12:28:15 PM 127.0.0.1 - - [21/Jun/2022 12:28:15] "[31m[1mPOST /synel/manageEmployee HTTP/1.1[0m" 405 -
06/21/2022 12:28:30 PM 127.0.0.1 - - [21/Jun/2022 12:28:30] "[31m[1mPOST /synel/manageEmployee HTTP/1.1[0m" 405 -
06/21/2022 12:28:43 PM  * Detected change in 'C:\\Users\\kemalyesildagli\\Documents\\Projects\\priority-synel\\app.py', reloading
06/21/2022 12:28:43 PM  * Restarting with stat
06/21/2022 12:29:19 PM  * Restarting with stat
06/21/2022 12:29:22 PM  * Restarting with stat
06/21/2022 12:29:26 PM 127.0.0.1 - - [21/Jun/2022 12:29:26] "[32mPOST /synel/manageEmployee HTTP/1.1[0m" 308 -
06/21/2022 12:29:50 PM 127.0.0.1 - - [21/Jun/2022 12:29:50] "[32mPOST /synel/manageEmployee HTTP/1.1[0m" 308 -
06/21/2022 12:29:52 PM {'USERSB': {'USERID': 2, 'FIRSTNAME': 'Kemals', 'FAMILYNAME': 'Yesildagliiiiii', 'EMPINACTIVE': ''}}
06/21/2022 12:29:52 PM 127.0.0.1 - - [21/Jun/2022 12:29:52] "POST /synel/manageEmployee/ HTTP/1.1" 200 -
06/21/2022 12:32:44 PM  * Detected change in 'C:\\Users\\kemalyesildagli\\Documents\\Projects\\priority-synel\\app.py', reloading
06/21/2022 12:32:44 PM  * Restarting with stat
06/21/2022 12:32:45 PM {'USERSB': {'USERID': 2, 'FIRSTNAME': 'Kemals', 'FAMILYNAME': 'Yesildagliiiiii', 'EMPINACTIVE': ''}}
06/21/2022 12:32:45 PM 127.0.0.1 - - [21/Jun/2022 12:32:45] "POST /synel/manageEmployee/ HTTP/1.1" 200 -
06/21/2022 12:32:53 PM 127.0.0.1 - - [21/Jun/2022 12:32:53] "[32mPOST /synel/manageEmployee HTTP/1.1[0m" 308 -
06/21/2022 12:32:54 PM {'USERSB': {'USERID': 2, 'FIRSTNAME': 'Kemals', 'FAMILYNAME': 'Yesildagliiiiiii', 'EMPINACTIVE': ''}}
06/21/2022 12:32:54 PM 127.0.0.1 - - [21/Jun/2022 12:32:54] "POST /synel/manageEmployee/ HTTP/1.1" 200 -
06/21/2022 12:33:28 PM  * Detected change in 'C:\\Users\\kemalyesildagli\\Documents\\Projects\\priority-synel\\app.py', reloading
06/21/2022 12:33:28 PM  * Restarting with stat
06/21/2022 12:33:57 PM 127.0.0.1 - - [21/Jun/2022 12:33:57] "[32mPOST /synel/manageEmployee HTTP/1.1[0m" 308 -
06/21/2022 12:33:58 PM Starting new HTTPS connection (1): dunlopsystems.synel-saas.com:443
06/21/2022 12:34:03 PM https://dunlopsystems.synel-saas.com:443 "POST /ExternalAccess/InsertUpdateEmployees?login=APIAccess&password=MTonHO)5,8TS&employees=%5B%7B'ExternalId':%20'2',%20'EmployeeNo':%20'2',%20'BadgeNo':%20'2',%20'FirstName':%20'Kemals',%20'LastName':%20'Yesildagls',%20'StartDate':%20'2022-01-01',%20'DepartmentCode':%20'0',%20'IsActive':%20'true'%7D%5D HTTP/1.1" 200 90
06/21/2022 12:34:03 PM 127.0.0.1 - - [21/Jun/2022 12:34:03] "[35m[1mPOST /synel/manageEmployee/ HTTP/1.1[0m" 500 -
06/21/2022 12:34:44 PM  * Detected change in 'C:\\Users\\kemalyesildagli\\Documents\\Projects\\priority-synel\\app.py', reloading
06/21/2022 12:34:44 PM  * Restarting with stat
06/21/2022 12:34:48 PM 127.0.0.1 - - [21/Jun/2022 12:34:48] "[32mPOST /synel/manageEmployee HTTP/1.1[0m" 308 -
06/21/2022 12:34:50 PM Starting new HTTPS connection (1): dunlopsystems.synel-saas.com:443
06/21/2022 12:34:50 PM https://dunlopsystems.synel-saas.com:443 "POST /ExternalAccess/InsertUpdateEmployees?login=APIAccess&password=MTonHO)5,8TS&employees=%5B%7B'ExternalId':%20'2',%20'EmployeeNo':%20'2',%20'BadgeNo':%20'2',%20'FirstName':%20'Kemals',%20'LastName':%20'Yesildaglss',%20'StartDate':%20'2022-01-01',%20'DepartmentCode':%20'0',%20'IsActive':%20'true'%7D%5D HTTP/1.1" 200 89
06/21/2022 12:34:51 PM 127.0.0.1 - - [21/Jun/2022 12:34:51] "[35m[1mPOST /synel/manageEmployee/ HTTP/1.1[0m" 500 -
06/21/2022 12:35:17 PM  * Detected change in 'C:\\Users\\kemalyesildagli\\Documents\\Projects\\priority-synel\\app.py', reloading
06/21/2022 12:35:17 PM  * Restarting with stat
06/21/2022 12:35:19 PM Starting new HTTPS connection (1): dunlopsystems.synel-saas.com:443
06/21/2022 12:35:20 PM https://dunlopsystems.synel-saas.com:443 "POST /ExternalAccess/InsertUpdateEmployees?login=APIAccess&password=MTonHO)5,8TS&employees=%5B%7B'ExternalId':%20'2',%20'EmployeeNo':%20'2',%20'BadgeNo':%20'2',%20'FirstName':%20'Kemals',%20'LastName':%20'Yesildaglss',%20'StartDate':%20'2022-01-01',%20'DepartmentCode':%20'0',%20'IsActive':%20'true'%7D%5D HTTP/1.1" 200 89
06/21/2022 12:35:20 PM 127.0.0.1 - - [21/Jun/2022 12:35:20] "POST /synel/manageEmployee/ HTTP/1.1" 200 -
06/21/2022 12:35:26 PM 127.0.0.1 - - [21/Jun/2022 12:35:26] "[32mPOST /synel/manageEmployee HTTP/1.1[0m" 308 -
06/21/2022 12:35:27 PM Starting new HTTPS connection (1): dunlopsystems.synel-saas.com:443
06/21/2022 12:35:28 PM https://dunlopsystems.synel-saas.com:443 "POST /ExternalAccess/InsertUpdateEmployees?login=APIAccess&password=MTonHO)5,8TS&employees=%5B%7B'ExternalId':%20'2',%20'EmployeeNo':%20'2',%20'BadgeNo':%20'2',%20'FirstName':%20'Kemals',%20'LastName':%20'Yesildaglsss',%20'StartDate':%20'2022-01-01',%20'DepartmentCode':%20'0',%20'IsActive':%20'true'%7D%5D HTTP/1.1" 200 89
06/21/2022 12:35:28 PM 127.0.0.1 - - [21/Jun/2022 12:35:28] "POST /synel/manageEmployee/ HTTP/1.1" 200 -
06/21/2022 12:36:04 PM  * Detected change in 'C:\\Users\\kemalyesildagli\\Documents\\Projects\\priority-synel\\app.py', reloading
06/21/2022 12:36:04 PM  * Restarting with stat
06/21/2022 12:36:19 PM Starting new HTTPS connection (1): dunlopsystems.synel-saas.com:443
06/21/2022 12:36:20 PM https://dunlopsystems.synel-saas.com:443 "POST /ExternalAccess/InsertUpdateEmployees?login=APIAccess&password=MTonHO)5,8TS&employees=%5B%7B'ExternalId':%20'2',%20'EmployeeNo':%20'2',%20'BadgeNo':%20'2',%20'FirstName':%20'Kemals',%20'LastName':%20'Yesildaglsss',%20'StartDate':%20'2022-01-01',%20'DepartmentCode':%20'0',%20'IsActive':%20'true'%7D%5D HTTP/1.1" 200 89
06/21/2022 12:36:20 PM [{'Id': '2', 'IsSuccess': True, 'IsExisting': True, 'Message': 'Employee updated successfully'}]
06/21/2022 12:36:20 PM 127.0.0.1 - - [21/Jun/2022 12:36:20] "POST /synel/manageEmployee/ HTTP/1.1" 200 -
06/21/2022 12:47:03 PM  * Detected change in 'C:\\Users\\kemalyesildagli\\Documents\\Projects\\priority-synel\\app.py', reloading
06/21/2022 12:47:03 PM  * Restarting with stat
06/21/2022 12:48:20 PM  * Detected change in 'C:\\Users\\kemalyesildagli\\Documents\\Projects\\priority-synel\\app.py', reloading
06/21/2022 12:48:20 PM  * Restarting with stat
06/21/2022 12:48:20 PM Starting new HTTPS connection (1): dunlopsystems.synel-saas.com:443
06/21/2022 12:48:21 PM https://dunlopsystems.synel-saas.com:443 "GET /ExternalAccess/GetClockings?login=APIAccess&password=MTonHO)5,8TS HTTP/1.1" 200 2
06/21/2022 12:59:44 PM  * Detected change in 'C:\\Users\\kemalyesildagli\\Documents\\Projects\\priority-synel\\app.py', reloading
06/21/2022 12:59:44 PM  * Restarting with stat
06/21/2022 12:59:45 PM Starting new HTTPS connection (1): dunlopsystems.synel-saas.com:443
06/21/2022 12:59:45 PM https://dunlopsystems.synel-saas.com:443 "GET /ExternalAccess/GetClockings?login=APIAccess&password=MTonHO)5,8TS HTTP/1.1" 200 2
06/21/2022 12:59:57 PM  * Detected change in 'C:\\Users\\kemalyesildagli\\Documents\\Projects\\priority-synel\\app.py', reloading
06/21/2022 12:59:57 PM  * Restarting with stat
06/21/2022 12:59:57 PM Starting new HTTPS connection (1): dunlopsystems.synel-saas.com:443
06/21/2022 12:59:58 PM https://dunlopsystems.synel-saas.com:443 "GET /ExternalAccess/GetClockings?login=APIAccess&password=MTonHO)5,8TS HTTP/1.1" 200 2
06/21/2022 01:00:02 PM  * Detected change in 'C:\\Users\\kemalyesildagli\\Documents\\Projects\\priority-synel\\app.py', reloading
06/21/2022 01:00:02 PM  * Restarting with stat
06/21/2022 01:00:03 PM Starting new HTTPS connection (1): dunlopsystems.synel-saas.com:443
06/21/2022 01:00:03 PM https://dunlopsystems.synel-saas.com:443 "GET /ExternalAccess/GetClockings?login=APIAccess&password=MTonHO)5,8TS HTTP/1.1" 200 2
06/21/2022 01:01:38 PM  * Detected change in 'C:\\Users\\kemalyesildagli\\Documents\\Projects\\priority-synel\\app.py', reloading
06/21/2022 01:01:38 PM  * Restarting with stat
06/21/2022 01:01:38 PM Starting new HTTPS connection (1): dunlopsystems.synel-saas.com:443
06/21/2022 01:01:39 PM https://dunlopsystems.synel-saas.com:443 "GET /ExternalAccess/GetClockings?login=APIAccess&password=MTonHO)5,8TS&from%20Date=2022-06-01&toDate=2022-06-30 HTTP/1.1" 200 2
06/21/2022 01:01:52 PM  * Detected change in 'C:\\Users\\kemalyesildagli\\Documents\\Projects\\priority-synel\\app.py', reloading
06/21/2022 01:01:52 PM  * Restarting with stat
06/21/2022 01:01:53 PM Starting new HTTPS connection (1): dunlopsystems.synel-saas.com:443
06/21/2022 01:01:53 PM https://dunlopsystems.synel-saas.com:443 "GET /ExternalAccess/GetClockings?login=APIAccess&password=MTonHO)5,8TS&from%20Date=2022-06-01&toDate=2022-06-30 HTTP/1.1" 200 2
06/21/2022 01:03:00 PM  * Detected change in 'C:\\Users\\kemalyesildagli\\Documents\\Projects\\priority-synel\\app.py', reloading
06/21/2022 01:03:00 PM  * Restarting with stat
06/21/2022 01:03:00 PM Starting new HTTPS connection (1): dunlopsystems.synel-saas.com:443
06/21/2022 01:03:01 PM https://dunlopsystems.synel-saas.com:443 "GET /ExternalAccess/GetClockings?login=APIAccess&password=MTonHO)5,8TS&from%20Date=2022-06-13&toDate=2022-06-21 HTTP/1.1" 200 2
06/21/2022 01:05:22 PM  * Detected change in 'C:\\Users\\kemalyesildagli\\Documents\\Projects\\priority-synel\\app.py', reloading
06/21/2022 01:05:22 PM  * Restarting with stat
06/21/2022 01:05:22 PM Starting new HTTPS connection (1): dunlopsystems.synel-saas.com:443
06/21/2022 01:05:23 PM https://dunlopsystems.synel-saas.com:443 "GET /ExternalAccess/GetClockings?login=APIAccess&password=MTonHO)5,8TS&from%20Date=2022-06-13&toDate=2022-06-21 HTTP/1.1" 200 2
06/21/2022 01:10:49 PM  * Detected change in 'C:\\Users\\kemalyesildagli\\Documents\\Projects\\priority-synel\\app.py', reloading
06/21/2022 01:10:49 PM  * Restarting with stat
06/21/2022 01:10:50 PM Starting new HTTPS connection (1): dunlopsystems.synel-saas.com:443
06/21/2022 01:10:50 PM https://dunlopsystems.synel-saas.com:443 "GET /ExternalAccess/GetClockings?login=APIAccess&password=MTonHO)5,8TS&fromDate=2022-06-21&toDate=2022-06-21 HTTP/1.1" 200 2
06/21/2022 01:10:57 PM  * Detected change in 'C:\\Users\\kemalyesildagli\\Documents\\Projects\\priority-synel\\app.py', reloading
06/21/2022 01:10:57 PM  * Restarting with stat
06/21/2022 01:10:57 PM Starting new HTTPS connection (1): dunlopsystems.synel-saas.com:443
06/21/2022 01:10:58 PM https://dunlopsystems.synel-saas.com:443 "GET /ExternalAccess/GetClockings?login=APIAccess&password=MTonHO)5,8TS&fromDate=2022-06-21&toDate=2022-06-21 HTTP/1.1" 200 2
06/21/2022 01:12:51 PM  * Detected change in 'C:\\Users\\kemalyesildagli\\Documents\\Projects\\priority-synel\\app.py', reloading
06/21/2022 01:12:51 PM  * Restarting with stat
06/21/2022 01:12:51 PM Starting new HTTPS connection (1): dunlopsystems.synel-saas.com:443
06/21/2022 01:12:51 PM https://dunlopsystems.synel-saas.com:443 "GET /ExternalAccess/GetClockings?login=APIAccess&password=MTonHO)5,8TS&fromDate=2022-06-21&toDate=2022-06-21 HTTP/1.1" 200 252
06/21/2022 01:12:59 PM  * Detected change in 'C:\\Users\\kemalyesildagli\\Documents\\Projects\\priority-synel\\app.py', reloading
06/21/2022 01:12:59 PM  * Restarting with stat
06/21/2022 01:31:29 PM  * Detected change in 'C:\\Users\\kemalyesildagli\\Documents\\Projects\\priority-synel\\app.py', reloading
06/21/2022 01:31:29 PM  * Restarting with stat
06/21/2022 01:33:36 PM  * Detected change in 'C:\\Users\\kemalyesildagli\\Documents\\Projects\\priority-synel\\app.py', reloading
06/21/2022 01:33:36 PM  * Restarting with stat
06/21/2022 01:33:49 PM  * Detected change in 'C:\\Users\\kemalyesildagli\\Documents\\Projects\\priority-synel\\app.py', reloading
06/21/2022 01:33:49 PM  * Restarting with stat
06/21/2022 01:33:50 PM Starting new HTTPS connection (1): dunlopsystems.synel-saas.com:443
06/21/2022 01:33:50 PM https://dunlopsystems.synel-saas.com:443 "GET /ExternalAccess/GetClockings?login=APIAccess&password=MTonHO)5,8TS&fromDate=2022-06-21&toDate=2022-06-21 HTTP/1.1" 200 252
06/21/2022 01:33:50 PM Starting new HTTPS connection (1): apidev.medatecherp.co.uk:443
06/21/2022 01:33:55 PM https://apidev.medatecherp.co.uk:443 "POST /odata/Priority/tabula.ini/demo/LOADUSERSBWORKHOURS HTTP/1.1" 500 None
06/21/2022 01:34:15 PM  * Detected change in 'C:\\Users\\kemalyesildagli\\Documents\\Projects\\priority-synel\\app.py', reloading
06/21/2022 01:34:15 PM  * Restarting with stat
06/21/2022 01:34:16 PM Starting new HTTPS connection (1): dunlopsystems.synel-saas.com:443
06/21/2022 01:34:16 PM https://dunlopsystems.synel-saas.com:443 "GET /ExternalAccess/GetClockings?login=APIAccess&password=MTonHO)5,8TS&fromDate=2022-06-21&toDate=2022-06-21 HTTP/1.1" 200 252
06/21/2022 01:34:16 PM Starting new HTTPS connection (1): apidev.medatecherp.co.uk:443
06/21/2022 01:34:16 PM https://apidev.medatecherp.co.uk:443 "POST /odata/Priority/tabula.ini/demo/LOADUSERSBWORKHOURS HTTP/1.1" 500 None
06/21/2022 01:34:30 PM  * Detected change in 'C:\\Users\\kemalyesildagli\\Documents\\Projects\\priority-synel\\app.py', reloading
06/21/2022 01:34:30 PM  * Restarting with stat
06/21/2022 01:34:30 PM Starting new HTTPS connection (1): dunlopsystems.synel-saas.com:443
06/21/2022 01:34:30 PM https://dunlopsystems.synel-saas.com:443 "GET /ExternalAccess/GetClockings?login=APIAccess&password=MTonHO)5,8TS&fromDate=2022-06-21&toDate=2022-06-21 HTTP/1.1" 200 252
06/21/2022 01:43:22 PM  * Detected change in 'C:\\Users\\kemalyesildagli\\Documents\\Projects\\priority-synel\\app.py', reloading
06/21/2022 01:43:22 PM  * Restarting with stat
06/21/2022 01:43:22 PM Starting new HTTPS connection (1): dunlopsystems.synel-saas.com:443
06/21/2022 01:43:23 PM https://dunlopsystems.synel-saas.com:443 "GET /ExternalAccess/GetClockings?login=APIAccess&password=MTonHO)5,8TS&fromDate=2022-06-21&toDate=2022-06-21 HTTP/1.1" 200 252
06/21/2022 01:43:32 PM  * Detected change in 'C:\\Users\\kemalyesildagli\\Documents\\Projects\\priority-synel\\app.py', reloading
06/21/2022 01:43:32 PM  * Restarting with stat
06/21/2022 01:43:34 PM  * Restarting with stat
06/21/2022 01:43:34 PM Starting new HTTPS connection (1): dunlopsystems.synel-saas.com:443
06/21/2022 01:43:35 PM https://dunlopsystems.synel-saas.com:443 "GET /ExternalAccess/GetClockings?login=APIAccess&password=MTonHO)5,8TS&fromDate=2022-06-21&toDate=2022-06-21 HTTP/1.1" 200 252
06/22/2022 03:25:43 PM Starting new HTTPS connection (1): dunlopsystems.synel-saas.com:443
06/22/2022 03:26:03 PM https://dunlopsystems.synel-saas.com:443 "GET /ExternalAccess/GetClockings?login=APIAccess&password=MTonHO)5,8TS&fromDate=2022-06-22&toDate=2022-06-22 HTTP/1.1" 200 2
06/22/2022 03:26:03 PM  * Running on http://127.0.0.1:5000 (Press CTRL+C to quit)
06/22/2022 03:26:03 PM  * Restarting with stat
06/22/2022 03:26:03 PM Starting new HTTPS connection (1): dunlopsystems.synel-saas.com:443
06/22/2022 03:26:03 PM https://dunlopsystems.synel-saas.com:443 "GET /ExternalAccess/GetClockings?login=APIAccess&password=MTonHO)5,8TS&fromDate=2022-06-22&toDate=2022-06-22 HTTP/1.1" 200 2
06/22/2022 03:33:08 PM  * Detected change in 'C:\\Users\\kemalyesildagli\\Documents\\Projects\\priority-synel\\app.py', reloading
06/22/2022 03:33:08 PM  * Restarting with stat
06/22/2022 03:33:09 PM Starting new HTTPS connection (1): dunlopsystems.synel-saas.com:443
06/22/2022 03:33:09 PM https://dunlopsystems.synel-saas.com:443 "GET /ExternalAccess/GetClockings?login=APIAccess&password=MTonHO)5,8TS&fromDate=2022-06-22&toDate=2022-06-22 HTTP/1.1" 200 503
06/22/2022 03:33:25 PM  * Detected change in 'C:\\Users\\kemalyesildagli\\Documents\\Projects\\priority-synel\\app.py', reloading
06/22/2022 03:33:25 PM  * Restarting with stat
06/22/2022 03:33:25 PM Starting new HTTPS connection (1): dunlopsystems.synel-saas.com:443
06/22/2022 03:33:26 PM https://dunlopsystems.synel-saas.com:443 "GET /ExternalAccess/GetClockings?login=APIAccess&password=MTonHO)5,8TS&fromDate=2022-06-22&toDate=2022-06-22 HTTP/1.1" 200 503
06/22/2022 03:33:26 PM Starting new HTTPS connection (1): apidev.medatecherp.co.uk:443
06/22/2022 03:33:30 PM https://apidev.medatecherp.co.uk:443 "POST /odata/Priority/tabula.ini/demo/LOADUSERSBWORKHOURS HTTP/1.1" 500 None
06/22/2022 03:33:39 PM  * Detected change in 'C:\\Users\\kemalyesildagli\\Documents\\Projects\\priority-synel\\app.py', reloading
06/22/2022 03:33:39 PM  * Restarting with stat
06/22/2022 03:33:40 PM Starting new HTTPS connection (1): dunlopsystems.synel-saas.com:443
06/22/2022 03:33:40 PM https://dunlopsystems.synel-saas.com:443 "GET /ExternalAccess/GetClockings?login=APIAccess&password=MTonHO)5,8TS&fromDate=2022-06-22&toDate=2022-06-22 HTTP/1.1" 200 503
06/22/2022 03:33:40 PM Starting new HTTPS connection (1): apidev.medatecherp.co.uk:443
06/22/2022 03:33:40 PM https://apidev.medatecherp.co.uk:443 "POST /odata/Priority/tabula.ini/demo/LOADUSERSBWORKHOURS HTTP/1.1" 500 None
06/22/2022 03:48:23 PM  * Detected change in 'C:\\Users\\kemalyesildagli\\Documents\\Projects\\priority-synel\\app.py', reloading
06/22/2022 03:48:23 PM  * Restarting with stat
06/22/2022 03:48:23 PM Starting new HTTPS connection (1): apidev.medatecherp.co.uk:443
06/22/2022 03:48:24 PM https://apidev.medatecherp.co.uk:443 "GET /odata/Priority/tabula.ini/demo/LOADUSERSBWORKHOURS?$select=DNAME,%20USERBCODE,%20CURDATE,%20FROMTIME HTTP/1.1" 200 None
06/22/2022 03:52:29 PM  * Detected change in 'C:\\Users\\kemalyesildagli\\Documents\\Projects\\priority-synel\\app.py', reloading
06/22/2022 03:52:29 PM  * Restarting with stat
06/22/2022 03:52:30 PM Starting new HTTPS connection (1): apidev.medatecherp.co.uk:443
06/22/2022 03:52:30 PM https://apidev.medatecherp.co.uk:443 "GET /odata/Priority/tabula.ini/demo/LOADUSERSBWORKHOURS?$filter=CURDATE%20eq%20'2022-06-22'&$select=DNAME,%20USERBCODE,%20CURDATE,%20FROMTIME HTTP/1.1" 400 219
06/22/2022 03:52:50 PM  * Detected change in 'C:\\Users\\kemalyesildagli\\Documents\\Projects\\priority-synel\\app.py', reloading
06/22/2022 03:52:50 PM  * Restarting with stat
06/22/2022 03:53:06 PM  * Detected change in 'C:\\Users\\kemalyesildagli\\Documents\\Projects\\priority-synel\\app.py', reloading
06/22/2022 03:53:06 PM  * Restarting with stat
06/22/2022 03:53:26 PM  * Detected change in 'C:\\Users\\kemalyesildagli\\Documents\\Projects\\priority-synel\\app.py', reloading
06/22/2022 03:53:26 PM  * Restarting with stat
06/22/2022 03:53:37 PM  * Detected change in 'C:\\Users\\kemalyesildagli\\Documents\\Projects\\priority-synel\\app.py', reloading
06/22/2022 03:53:38 PM  * Restarting with stat
06/22/2022 03:53:42 PM  * Detected change in 'C:\\Users\\kemalyesildagli\\Documents\\Projects\\priority-synel\\app.py', reloading
06/22/2022 03:53:42 PM  * Restarting with stat
06/22/2022 03:53:53 PM  * Detected change in 'C:\\Users\\kemalyesildagli\\Documents\\Projects\\priority-synel\\app.py', reloading
06/22/2022 03:53:54 PM  * Restarting with stat
06/22/2022 03:54:07 PM  * Detected change in 'C:\\Users\\kemalyesildagli\\Documents\\Projects\\priority-synel\\app.py', reloading
06/22/2022 03:54:07 PM  * Restarting with stat
06/22/2022 03:54:29 PM  * Detected change in 'C:\\Users\\kemalyesildagli\\Documents\\Projects\\priority-synel\\app.py', reloading
06/22/2022 03:54:29 PM  * Restarting with stat
06/22/2022 03:54:33 PM  * Detected change in 'C:\\Users\\kemalyesildagli\\Documents\\Projects\\priority-synel\\app.py', reloading
06/22/2022 03:54:33 PM  * Restarting with stat
06/22/2022 03:54:34 PM Starting new HTTPS connection (1): apidev.medatecherp.co.uk:443
06/22/2022 03:54:34 PM https://apidev.medatecherp.co.uk:443 "GET /odata/Priority/tabula.ini/demo/LOADUSERSBWORKHOURS?$filter=CURDATE%20eq%20'2022-06-22T00:00:00+01:00'&$select=DNAME,%20USERBCODE,%20CURDATE,%20FROMTIME HTTP/1.1" 400 219
06/22/2022 03:56:41 PM  * Detected change in 'C:\\Users\\kemalyesildagli\\Documents\\Projects\\priority-synel\\app.py', reloading
06/22/2022 03:56:41 PM  * Restarting with stat
06/22/2022 03:56:41 PM Starting new HTTPS connection (1): apidev.medatecherp.co.uk:443
06/22/2022 03:56:42 PM https://apidev.medatecherp.co.uk:443 "GET /odata/Priority/tabula.ini/demo/LOADUSERSBWORKHOURS?$filter=CURDATE%20eq%20'2022-06-22T00:00:00+01:00'&$select=DNAME,%20USERBCODE,%20CURDATE,%20FROMTIME HTTP/1.1" 400 219
06/22/2022 03:57:28 PM  * Detected change in 'C:\\Users\\kemalyesildagli\\Documents\\Projects\\priority-synel\\app.py', reloading
06/22/2022 03:57:28 PM  * Restarting with stat
06/22/2022 03:57:28 PM Starting new HTTPS connection (1): apidev.medatecherp.co.uk:443
06/22/2022 03:57:28 PM https://apidev.medatecherp.co.uk:443 "GET /odata/Priority/tabula.ini/demo/LOADUSERSBWORKHOURS?$select=DNAME,%20USERBCODE,%20CURDATE,%20FROMTIME&$filter=CURDATE%20eq%20'2022-06-22T00:00:00+01:00' HTTP/1.1" 400 219
06/22/2022 03:57:37 PM  * Detected change in 'C:\\Users\\kemalyesildagli\\Documents\\Projects\\priority-synel\\app.py', reloading
06/22/2022 03:57:37 PM  * Restarting with stat
06/22/2022 03:57:38 PM Starting new HTTPS connection (1): apidev.medatecherp.co.uk:443
06/22/2022 03:57:38 PM https://apidev.medatecherp.co.uk:443 "GET /odata/Priority/tabula.ini/demo/LOADUSERSBWORKHOURS?$filter=CURDATE%20eq%20'2022-06-22T00:00:00+01:00'&$select=DNAME,%20USERBCODE,%20CURDATE,%20FROMTIME HTTP/1.1" 400 219
06/22/2022 03:57:41 PM  * Detected change in 'C:\\Users\\kemalyesildagli\\Documents\\Projects\\priority-synel\\app.py', reloading
06/22/2022 03:57:41 PM  * Restarting with stat
06/22/2022 03:57:41 PM Starting new HTTPS connection (1): apidev.medatecherp.co.uk:443
06/22/2022 03:57:41 PM https://apidev.medatecherp.co.uk:443 "GET /odata/Priority/tabula.ini/demo/LOADUSERSBWORKHOURS?$filter=CURDATE%20eq%20'2022-06-22T00:00:00+01:00'&$select=DNAME,%20USERBCODE,%20CURDATE,%20FROMTIME HTTP/1.1" 400 None
06/22/2022 04:02:50 PM  * Detected change in 'C:\\Users\\kemalyesildagli\\Documents\\Projects\\priority-synel\\app.py', reloading
06/22/2022 04:02:50 PM  * Restarting with stat
06/22/2022 04:02:50 PM Starting new HTTPS connection (1): apidev.medatecherp.co.uk:443
06/22/2022 04:02:50 PM https://apidev.medatecherp.co.uk:443 "GET /odata/Priority/tabula.ini/demo/LOADUSERSBWORKHOURS?$filter=CURDATE%20eq%20'2022-06-22T00:00:00%2B01:00'&$select=DNAME,%20USERBCODE,%20CURDATE,%20FROMTIME HTTP/1.1" 400 219
06/22/2022 04:02:59 PM  * Detected change in 'C:\\Users\\kemalyesildagli\\Documents\\Projects\\priority-synel\\app.py', reloading
06/22/2022 04:02:59 PM  * Restarting with stat
06/22/2022 04:03:00 PM Starting new HTTPS connection (1): apidev.medatecherp.co.uk:443
06/22/2022 04:03:00 PM https://apidev.medatecherp.co.uk:443 "GET /odata/Priority/tabula.ini/demo/LOADUSERSBWORKHOURS?$filter=CURDATE%20eq%202022-06-22T00:00:00%2B01:00&$select=DNAME,%20USERBCODE,%20CURDATE,%20FROMTIME HTTP/1.1" 200 None
06/22/2022 04:03:12 PM  * Detected change in 'C:\\Users\\kemalyesildagli\\Documents\\Projects\\priority-synel\\app.py', reloading
06/22/2022 04:03:12 PM  * Restarting with stat
06/22/2022 04:03:12 PM Starting new HTTPS connection (1): apidev.medatecherp.co.uk:443
06/22/2022 04:03:12 PM https://apidev.medatecherp.co.uk:443 "GET /odata/Priority/tabula.ini/demo/LOADUSERSBWORKHOURS?$filter=CURDATE%20eq%202022-06-22T00:00:00%2B01:00&$select=DNAME,%20USERBCODE,%20CURDATE,%20FROMTIME HTTP/1.1" 200 None
06/22/2022 04:06:33 PM  * Detected change in 'C:\\Users\\kemalyesildagli\\Documents\\Projects\\priority-synel\\app.py', reloading
06/22/2022 04:06:34 PM  * Restarting with stat
06/22/2022 04:06:34 PM Starting new HTTPS connection (1): apidev.medatecherp.co.uk:443
06/22/2022 04:06:34 PM https://apidev.medatecherp.co.uk:443 "GET /odata/Priority/tabula.ini/demo/LOADUSERSBWORKHOURS?$filter=CURDATE%20eq%202022-06-22T00:00:00%2B01:00&$select=DNAME,%20USERBCODE,%20CURDATE,%20FROMTIME HTTP/1.1" 200 None
06/22/2022 04:07:08 PM  * Detected change in 'C:\\Users\\kemalyesildagli\\Documents\\Projects\\priority-synel\\app.py', reloading
06/22/2022 04:07:08 PM  * Restarting with stat
06/22/2022 04:07:09 PM Starting new HTTPS connection (1): apidev.medatecherp.co.uk:443
06/22/2022 04:07:09 PM https://apidev.medatecherp.co.uk:443 "GET /odata/Priority/tabula.ini/demo/LOADUSERSBWORKHOURS?$filter=CURDATE%20eq%202022-06-22T00:00:00%2B01:00&$select=DNAME,%20USERBCODE,%20CURDATE,%20FROMTIME HTTP/1.1" 200 None
06/22/2022 04:07:22 PM  * Detected change in 'C:\\Users\\kemalyesildagli\\Documents\\Projects\\priority-synel\\app.py', reloading
06/22/2022 04:07:22 PM  * Restarting with stat
06/22/2022 04:07:22 PM Starting new HTTPS connection (1): apidev.medatecherp.co.uk:443
06/22/2022 04:07:23 PM https://apidev.medatecherp.co.uk:443 "GET /odata/Priority/tabula.ini/demo/LOADUSERSBWORKHOURS?$filter=CURDATE%20eq%202022-06-22T00:00:00%2B01:00&$select=DNAME,%20USERBCODE,%20CURDATE,%20FROMTIME HTTP/1.1" 200 None
06/22/2022 04:16:19 PM  * Detected change in 'C:\\Users\\kemalyesildagli\\Documents\\Projects\\priority-synel\\app.py', reloading
06/22/2022 04:16:19 PM  * Restarting with stat
06/22/2022 04:16:19 PM Starting new HTTPS connection (1): apidev.medatecherp.co.uk:443
06/22/2022 04:16:19 PM https://apidev.medatecherp.co.uk:443 "GET /odata/Priority/tabula.ini/demo/LOADUSERSBWORKHOURS?$filter=CURDATE%20eq%202022-06-22T00:00:00%2B01:00&$select=DNAME,%20USERBCODE,%20CURDATE,%20FROMTIME HTTP/1.1" 200 None
06/22/2022 04:44:17 PM  * Detected change in 'C:\\Users\\kemalyesildagli\\Documents\\Projects\\priority-synel\\app.py', reloading
06/22/2022 04:44:17 PM  * Restarting with stat
06/22/2022 04:44:18 PM Starting new HTTPS connection (1): apidev.medatecherp.co.uk:443
06/22/2022 04:44:19 PM https://apidev.medatecherp.co.uk:443 "GET /odata/Priority/tabula.ini/demo/LOADUSERSBWORKHOURS?$filter=CURDATE%20eq%202022-06-22T00:00:00%2B01:00&$select=DNAME,%20USERBCODE,%20CURDATE,%20FROMTIME HTTP/1.1" 200 None
06/22/2022 04:45:20 PM  * Detected change in 'C:\\Users\\kemalyesildagli\\Documents\\Projects\\priority-synel\\app.py', reloading
06/22/2022 04:45:20 PM  * Restarting with stat
06/22/2022 04:45:34 PM  * Detected change in 'C:\\Users\\kemalyesildagli\\Documents\\Projects\\priority-synel\\app.py', reloading
06/22/2022 04:45:35 PM  * Restarting with stat
06/22/2022 04:45:41 PM  * Detected change in 'C:\\Users\\kemalyesildagli\\Documents\\Projects\\priority-synel\\app.py', reloading
06/22/2022 04:45:41 PM  * Restarting with stat
06/22/2022 04:46:07 PM  * Detected change in 'C:\\Users\\kemalyesildagli\\Documents\\Projects\\priority-synel\\app.py', reloading
06/22/2022 04:46:07 PM  * Restarting with stat
06/22/2022 04:46:11 PM  * Detected change in 'C:\\Users\\kemalyesildagli\\Documents\\Projects\\priority-synel\\app.py', reloading
06/22/2022 04:46:11 PM  * Restarting with stat
06/22/2022 04:46:31 PM  * Detected change in 'C:\\Users\\kemalyesildagli\\Documents\\Projects\\priority-synel\\app.py', reloading
06/22/2022 04:46:31 PM  * Restarting with stat
06/22/2022 04:46:31 PM Starting new HTTPS connection (1): apidev.medatecherp.co.uk:443
06/22/2022 04:46:31 PM https://apidev.medatecherp.co.uk:443 "GET /odata/Priority/tabula.ini/demo/LOADUSERSBWORKHOURS?$filter=CURDATE%20eq%202022-06-22T00:00:00%2B01:00&$select=DNAME,%20USERBCODE,%20CURDATE,%20FROMTIME HTTP/1.1" 200 None
06/22/2022 04:46:43 PM  * Detected change in 'C:\\Users\\kemalyesildagli\\Documents\\Projects\\priority-synel\\app.py', reloading
06/22/2022 04:46:43 PM  * Restarting with stat
06/22/2022 04:46:44 PM Starting new HTTPS connection (1): apidev.medatecherp.co.uk:443
06/22/2022 04:46:44 PM https://apidev.medatecherp.co.uk:443 "GET /odata/Priority/tabula.ini/demo/LOADUSERSBWORKHOURS?$filter=CURDATE%20eq%202022-06-22T00:00:00%2B01:00&$select=DNAME,%20USERBCODE,%20CURDATE,%20FROMTIME HTTP/1.1" 200 None
06/22/2022 04:46:57 PM  * Detected change in 'C:\\Users\\kemalyesildagli\\Documents\\Projects\\priority-synel\\app.py', reloading
06/22/2022 04:46:57 PM  * Restarting with stat
06/22/2022 04:46:57 PM Starting new HTTPS connection (1): apidev.medatecherp.co.uk:443
06/22/2022 04:46:57 PM https://apidev.medatecherp.co.uk:443 "GET /odata/Priority/tabula.ini/demo/LOADUSERSBWORKHOURS?$filter=CURDATE%20eq%202022-06-22T00:00:00%2B01:00&$select=DNAME,%20USERBCODE,%20CURDATE,%20FROMTIME HTTP/1.1" 200 None
06/22/2022 04:47:05 PM  * Detected change in 'C:\\Users\\kemalyesildagli\\Documents\\Projects\\priority-synel\\app.py', reloading
06/22/2022 04:47:05 PM  * Restarting with stat
06/22/2022 04:47:28 PM Starting new HTTPS connection (1): apidev.medatecherp.co.uk:443
06/22/2022 04:47:28 PM https://apidev.medatecherp.co.uk:443 "GET /odata/Priority/tabula.ini/demo/LOADUSERSBWORKHOURS?$filter=CURDATE%20eq%202022-06-22T00:00:00%2B01:00&$select=DNAME,%20USERBCODE,%20CURDATE,%20FROMTIME HTTP/1.1" 200 None
06/22/2022 04:47:28 PM  * Running on http://127.0.0.1:5000 (Press CTRL+C to quit)
06/22/2022 04:47:28 PM  * Restarting with stat
06/22/2022 04:47:29 PM Starting new HTTPS connection (1): apidev.medatecherp.co.uk:443
06/22/2022 04:47:29 PM https://apidev.medatecherp.co.uk:443 "GET /odata/Priority/tabula.ini/demo/LOADUSERSBWORKHOURS?$filter=CURDATE%20eq%202022-06-22T00:00:00%2B01:00&$select=DNAME,%20USERBCODE,%20CURDATE,%20FROMTIME HTTP/1.1" 200 None
06/22/2022 04:47:35 PM  * Detected change in 'C:\\Users\\kemalyesildagli\\Documents\\Projects\\priority-synel\\app.py', reloading
06/22/2022 04:47:35 PM  * Restarting with stat
06/22/2022 04:47:35 PM Starting new HTTPS connection (1): apidev.medatecherp.co.uk:443
06/22/2022 04:47:35 PM https://apidev.medatecherp.co.uk:443 "GET /odata/Priority/tabula.ini/demo/LOADUSERSBWORKHOURS?$filter=CURDATE%20eq%202022-06-22T00:00:00%2B01:00&$select=DNAME,%20USERBCODE,%20CURDATE,%20FROMTIME HTTP/1.1" 200 None
06/22/2022 04:47:38 PM  * Detected change in 'C:\\Users\\kemalyesildagli\\Documents\\Projects\\priority-synel\\app.py', reloading
06/22/2022 04:47:38 PM  * Restarting with stat
06/22/2022 04:47:39 PM Starting new HTTPS connection (1): apidev.medatecherp.co.uk:443
06/22/2022 04:47:39 PM https://apidev.medatecherp.co.uk:443 "GET /odata/Priority/tabula.ini/demo/LOADUSERSBWORKHOURS?$filter=CURDATE%20eq%202022-06-22T00:00:00%2B01:00&$select=DNAME,%20USERBCODE,%20CURDATE,%20FROMTIME HTTP/1.1" 200 None
06/22/2022 04:49:53 PM  * Detected change in 'C:\\Users\\kemalyesildagli\\Documents\\Projects\\priority-synel\\app.py', reloading
06/22/2022 04:49:53 PM  * Restarting with stat
06/22/2022 04:49:54 PM Starting new HTTPS connection (1): apidev.medatecherp.co.uk:443
06/22/2022 04:49:54 PM https://apidev.medatecherp.co.uk:443 "GET /odata/Priority/tabula.ini/demo/LOADUSERSBWORKHOURS?$filter=CURDATE%20eq%202022-06-22T00:00:00%2B01:00&$select=DNAME,%20USERBCODE,%20CURDATE,%20FROMTIME HTTP/1.1" 200 246
06/22/2022 04:50:02 PM  * Detected change in 'C:\\Users\\kemalyesildagli\\Documents\\Projects\\priority-synel\\app.py', reloading
06/22/2022 04:50:02 PM  * Restarting with stat
06/22/2022 04:50:02 PM Starting new HTTPS connection (1): apidev.medatecherp.co.uk:443
06/22/2022 04:50:02 PM https://apidev.medatecherp.co.uk:443 "GET /odata/Priority/tabula.ini/demo/LOADUSERSBWORKHOURS?$filter=CURDATE%20eq%202022-06-22T00:00:00%2B01:00&$select=DNAME,%20USERBCODE,%20CURDATE,%20FROMTIME HTTP/1.1" 200 None
06/22/2022 04:50:09 PM  * Detected change in 'C:\\Users\\kemalyesildagli\\Documents\\Projects\\priority-synel\\app.py', reloading
06/22/2022 04:50:09 PM  * Restarting with stat
06/22/2022 04:50:10 PM Starting new HTTPS connection (1): apidev.medatecherp.co.uk:443
06/22/2022 04:50:10 PM https://apidev.medatecherp.co.uk:443 "GET /odata/Priority/tabula.ini/demo/LOADUSERSBWORKHOURS?$filter=CURDATE%20eq%202022-06-22T00:00:00%2B01:00&$select=DNAME,%20USERBCODE,%20CURDATE,%20FROMTIME HTTP/1.1" 200 None
06/22/2022 04:50:24 PM  * Detected change in 'C:\\Users\\kemalyesildagli\\Documents\\Projects\\priority-synel\\app.py', reloading
06/22/2022 04:50:24 PM  * Restarting with stat
06/22/2022 04:50:24 PM Starting new HTTPS connection (1): apidev.medatecherp.co.uk:443
06/22/2022 04:50:24 PM https://apidev.medatecherp.co.uk:443 "GET /odata/Priority/tabula.ini/demo/LOADUSERSBWORKHOURS?$filter=CURDATE%20eq%202022-06-22T00:00:00%2B01:00&$select=DNAME,%20USERBCODE,%20CURDATE,%20FROMTIME HTTP/1.1" 200 None
06/22/2022 04:50:44 PM  * Detected change in 'C:\\Users\\kemalyesildagli\\Documents\\Projects\\priority-synel\\app.py', reloading
06/22/2022 04:50:45 PM  * Restarting with stat
06/22/2022 04:50:45 PM Starting new HTTPS connection (1): apidev.medatecherp.co.uk:443
06/22/2022 04:50:45 PM https://apidev.medatecherp.co.uk:443 "GET /odata/Priority/tabula.ini/demo/LOADUSERSBWORKHOURS?$filter=CURDATE%20eq%202022-06-22T00:00:00%2B01:00&$select=DNAME,%20USERBCODE,%20CURDATE,%20FROMTIME HTTP/1.1" 200 None
06/22/2022 04:51:07 PM  * Detected change in 'C:\\Users\\kemalyesildagli\\Documents\\Projects\\priority-synel\\app.py', reloading
06/22/2022 04:51:07 PM  * Restarting with stat
06/22/2022 04:51:08 PM Starting new HTTPS connection (1): apidev.medatecherp.co.uk:443
06/22/2022 04:51:08 PM https://apidev.medatecherp.co.uk:443 "GET /odata/Priority/tabula.ini/demo/LOADUSERSBWORKHOURS?$filter=CURDATE%20eq%202022-06-22T00:00:00%2B01:00&$select=DNAME,%20USERBCODE,%20CURDATE,%20FROMTIME HTTP/1.1" 200 None
06/22/2022 04:51:10 PM  * Detected change in 'C:\\Users\\kemalyesildagli\\Documents\\Projects\\priority-synel\\app.py', reloading
06/22/2022 04:51:10 PM  * Restarting with stat
06/22/2022 04:51:10 PM Starting new HTTPS connection (1): apidev.medatecherp.co.uk:443
06/22/2022 04:51:10 PM https://apidev.medatecherp.co.uk:443 "GET /odata/Priority/tabula.ini/demo/LOADUSERSBWORKHOURS?$filter=CURDATE%20eq%202022-06-22T00:00:00%2B01:00&$select=DNAME,%20USERBCODE,%20CURDATE,%20FROMTIME HTTP/1.1" 200 None
06/22/2022 04:54:33 PM  * Detected change in 'C:\\Users\\kemalyesildagli\\Documents\\Projects\\priority-synel\\app.py', reloading
06/22/2022 04:54:33 PM  * Restarting with stat
06/22/2022 04:54:34 PM Starting new HTTPS connection (1): apidev.medatecherp.co.uk:443
06/22/2022 04:54:34 PM https://apidev.medatecherp.co.uk:443 "GET /odata/Priority/tabula.ini/demo/LOADUSERSBWORKHOURS?$filter=CURDATE%20eq%202022-06-22T00:00:00%2B01:00&$select=DNAME,%20USERBCODE,%20CURDATE,%20FROMTIME HTTP/1.1" 200 246
06/22/2022 04:54:39 PM  * Detected change in 'C:\\Users\\kemalyesildagli\\Documents\\Projects\\priority-synel\\app.py', reloading
06/22/2022 04:54:39 PM  * Restarting with stat
06/22/2022 04:54:39 PM Starting new HTTPS connection (1): apidev.medatecherp.co.uk:443
06/22/2022 04:54:39 PM https://apidev.medatecherp.co.uk:443 "GET /odata/Priority/tabula.ini/demo/LOADUSERSBWORKHOURS?$filter=CURDATE%20eq%202022-06-22T00:00:00%2B01:00&$select=DNAME,%20USERBCODE,%20CURDATE,%20FROMTIME HTTP/1.1" 200 None
06/22/2022 04:54:42 PM  * Detected change in 'C:\\Users\\kemalyesildagli\\Documents\\Projects\\priority-synel\\app.py', reloading
06/22/2022 04:54:42 PM  * Restarting with stat
06/22/2022 04:54:43 PM Starting new HTTPS connection (1): apidev.medatecherp.co.uk:443
06/22/2022 04:54:43 PM https://apidev.medatecherp.co.uk:443 "GET /odata/Priority/tabula.ini/demo/LOADUSERSBWORKHOURS?$filter=CURDATE%20eq%202022-06-22T00:00:00%2B01:00&$select=DNAME,%20USERBCODE,%20CURDATE,%20FROMTIME HTTP/1.1" 200 None
06/22/2022 04:55:12 PM  * Detected change in 'C:\\Users\\kemalyesildagli\\Documents\\Projects\\priority-synel\\app.py', reloading
06/22/2022 04:55:12 PM  * Restarting with stat
06/22/2022 04:55:12 PM Starting new HTTPS connection (1): apidev.medatecherp.co.uk:443
06/22/2022 04:55:13 PM https://apidev.medatecherp.co.uk:443 "GET /odata/Priority/tabula.ini/demo/LOADUSERSBWORKHOURS?$filter=CURDATE%20eq%202022-06-22T00:00:00%2B01:00&$select=DNAME,%20USERBCODE,%20CURDATE,%20FROMTIME HTTP/1.1" 200 None
06/22/2022 05:02:32 PM  * Detected change in 'C:\\Users\\kemalyesildagli\\Documents\\Projects\\priority-synel\\app.py', reloading
06/22/2022 05:02:32 PM  * Restarting with stat
06/22/2022 05:06:29 PM  * Detected change in 'C:\\Users\\kemalyesildagli\\Documents\\Projects\\priority-synel\\app.py', reloading
06/22/2022 05:06:29 PM  * Restarting with stat
06/22/2022 05:07:03 PM  * Detected change in 'C:\\Users\\kemalyesildagli\\Documents\\Projects\\priority-synel\\app.py', reloading
06/22/2022 05:07:03 PM  * Restarting with stat
06/22/2022 05:07:03 PM Starting new HTTPS connection (1): apidev.medatecherp.co.uk:443
06/22/2022 05:07:03 PM https://apidev.medatecherp.co.uk:443 "GET /odata/Priority/tabula.ini/demo/LOADUSERSBWORKHOURS?$filter=CURDATE%20eq%202022-06-22T00:00:00%2B01:00&$select=DNAME,%20USERBCODE,%20CURDATE,%20FROMTIME HTTP/1.1" 200 None
06/22/2022 05:07:20 PM  * Detected change in 'C:\\Users\\kemalyesildagli\\Documents\\Projects\\priority-synel\\app.py', reloading
06/22/2022 05:07:20 PM  * Restarting with stat
06/22/2022 05:07:21 PM Starting new HTTPS connection (1): apidev.medatecherp.co.uk:443
06/22/2022 05:07:21 PM https://apidev.medatecherp.co.uk:443 "GET /odata/Priority/tabula.ini/demo/LOADUSERSBWORKHOURS?$filter=CURDATE%20eq%202022-06-22T00:00:00%2B01:00&$select=DNAME,%20USERBCODE,%20CURDATE,%20FROMTIME HTTP/1.1" 200 None
06/22/2022 05:09:32 PM  * Detected change in 'C:\\Users\\kemalyesildagli\\Documents\\Projects\\priority-synel\\app.py', reloading
06/22/2022 05:09:32 PM  * Restarting with stat
06/22/2022 05:09:33 PM Starting new HTTPS connection (1): apidev.medatecherp.co.uk:443
06/22/2022 05:09:33 PM https://apidev.medatecherp.co.uk:443 "GET /odata/Priority/tabula.ini/demo/LOADUSERSBWORKHOURS?$filter=CURDATE%20eq%202022-06-22T00:00:00%2B01:00&$select=DNAME,%20USERBCODE,%20CURDATE,%20FROMTIME HTTP/1.1" 200 None
06/22/2022 05:10:21 PM  * Detected change in 'C:\\Users\\kemalyesildagli\\Documents\\Projects\\priority-synel\\app.py', reloading
06/22/2022 05:10:21 PM  * Restarting with stat
06/22/2022 05:10:22 PM Starting new HTTPS connection (1): apidev.medatecherp.co.uk:443
06/22/2022 05:10:22 PM https://apidev.medatecherp.co.uk:443 "GET /odata/Priority/tabula.ini/demo/LOADUSERSBWORKHOURS?$filter=CURDATE%20eq%202022-06-22T00:00:00%2B01:00&$select=DNAME,%20USERBCODE,%20CURDATE,%20FROMTIME HTTP/1.1" 200 None
06/22/2022 05:12:14 PM  * Detected change in 'C:\\Users\\kemalyesildagli\\Documents\\Projects\\priority-synel\\app.py', reloading
06/22/2022 05:12:14 PM  * Restarting with stat
06/22/2022 05:13:12 PM  * Restarting with stat
06/22/2022 05:13:12 PM Starting new HTTPS connection (1): apidev.medatecherp.co.uk:443
06/22/2022 05:13:12 PM https://apidev.medatecherp.co.uk:443 "GET /odata/Priority/tabula.ini/demo/LOADUSERSBWORKHOURS?$filter=CURDATE%20eq%202022-06-22T00:00:00%2B01:00&$select=DNAME,%20USERBCODE,%20CURDATE,%20FROMTIME HTTP/1.1" 200 None
06/22/2022 05:14:43 PM  * Detected change in 'C:\\Users\\kemalyesildagli\\Documents\\Projects\\priority-synel\\app.py', reloading
06/22/2022 05:14:43 PM  * Restarting with stat
06/22/2022 05:14:44 PM Starting new HTTPS connection (1): apidev.medatecherp.co.uk:443
06/22/2022 05:14:44 PM https://apidev.medatecherp.co.uk:443 "GET /odata/Priority/tabula.ini/demo/LOADUSERSBWORKHOURS?$filter=CURDATE%20eq%202022-06-22T00:00:00%2B01:00&$select=DNAME,%20USERBCODE,%20CURDATE,%20FROMTIME HTTP/1.1" 200 None
06/22/2022 05:15:05 PM  * Detected change in 'C:\\Users\\kemalyesildagli\\Documents\\Projects\\priority-synel\\app.py', reloading
06/22/2022 05:15:05 PM  * Restarting with stat
06/22/2022 05:15:05 PM Starting new HTTPS connection (1): apidev.medatecherp.co.uk:443
06/22/2022 05:15:06 PM https://apidev.medatecherp.co.uk:443 "GET /odata/Priority/tabula.ini/demo/LOADUSERSBWORKHOURS?$filter=CURDATE%20eq%202022-06-22T00:00:00%2B01:00&$select=DNAME,%20USERBCODE,%20CURDATE,%20FROMTIME HTTP/1.1" 200 None
06/22/2022 05:15:54 PM  * Detected change in 'C:\\Users\\kemalyesildagli\\Documents\\Projects\\priority-synel\\app.py', reloading
06/22/2022 05:15:54 PM  * Restarting with stat
06/22/2022 05:15:54 PM Starting new HTTPS connection (1): apidev.medatecherp.co.uk:443
06/22/2022 05:15:55 PM https://apidev.medatecherp.co.uk:443 "GET /odata/Priority/tabula.ini/demo/LOADUSERSBWORKHOURS?$filter=CURDATE%20eq%202022-06-22T00:00:00%2B01:00&$select=DNAME,%20USERBCODE,%20CURDATE,%20FROMTIME HTTP/1.1" 200 None
06/22/2022 05:15:55 PM Starting new HTTPS connection (1): dunlopsystems.synel-saas.com:443
06/22/2022 05:15:57 PM https://dunlopsystems.synel-saas.com:443 "GET /ExternalAccess/GetClockings?login=APIAccess&password=MTonHO)5,8TS&fromDate=2022-06-22&toDate=2022-06-22 HTTP/1.1" 200 503
06/22/2022 05:18:16 PM  * Detected change in 'C:\\Users\\kemalyesildagli\\Documents\\Projects\\priority-synel\\app.py', reloading
06/22/2022 05:18:16 PM  * Restarting with stat
06/22/2022 05:18:16 PM Starting new HTTPS connection (1): apidev.medatecherp.co.uk:443
06/22/2022 05:18:17 PM https://apidev.medatecherp.co.uk:443 "GET /odata/Priority/tabula.ini/demo/LOADUSERSBWORKHOURS?$filter=CURDATE%20eq%202022-06-22T00:00:00%2B01:00&$select=DNAME,%20USERBCODE,%20CURDATE,%20FROMTIME HTTP/1.1" 200 None
06/22/2022 05:18:17 PM Starting new HTTPS connection (1): dunlopsystems.synel-saas.com:443
06/22/2022 05:18:17 PM https://dunlopsystems.synel-saas.com:443 "GET /ExternalAccess/GetClockings?login=APIAccess&password=MTonHO)5,8TS&fromDate=2022-06-22&toDate=2022-06-22 HTTP/1.1" 200 503
06/22/2022 05:19:00 PM  * Detected change in 'C:\\Users\\kemalyesildagli\\Documents\\Projects\\priority-synel\\app.py', reloading
06/22/2022 05:19:00 PM  * Restarting with stat
06/22/2022 05:19:00 PM Starting new HTTPS connection (1): apidev.medatecherp.co.uk:443
06/22/2022 05:19:01 PM https://apidev.medatecherp.co.uk:443 "GET /odata/Priority/tabula.ini/demo/LOADUSERSBWORKHOURS?$filter=CURDATE%20eq%202022-06-22T00:00:00%2B01:00&$select=DNAME,%20USERBCODE,%20CURDATE,%20FROMTIME HTTP/1.1" 200 None
06/22/2022 05:19:01 PM Starting new HTTPS connection (1): dunlopsystems.synel-saas.com:443
06/22/2022 05:19:01 PM https://dunlopsystems.synel-saas.com:443 "GET /ExternalAccess/GetClockings?login=APIAccess&password=MTonHO)5,8TS&fromDate=2022-06-22&toDate=2022-06-22 HTTP/1.1" 200 503
06/22/2022 05:19:22 PM  * Detected change in 'C:\\Users\\kemalyesildagli\\Documents\\Projects\\priority-synel\\app.py', reloading
06/22/2022 05:19:22 PM  * Restarting with stat
06/22/2022 05:19:22 PM Starting new HTTPS connection (1): apidev.medatecherp.co.uk:443
06/22/2022 05:19:22 PM https://apidev.medatecherp.co.uk:443 "GET /odata/Priority/tabula.ini/demo/LOADUSERSBWORKHOURS?$filter=CURDATE%20eq%202022-06-22T00:00:00%2B01:00&$select=DNAME,%20USERBCODE,%20CURDATE,%20FROMTIME HTTP/1.1" 200 None
06/22/2022 05:19:22 PM Starting new HTTPS connection (1): dunlopsystems.synel-saas.com:443
06/22/2022 05:19:23 PM https://dunlopsystems.synel-saas.com:443 "GET /ExternalAccess/GetClockings?login=APIAccess&password=MTonHO)5,8TS&fromDate=2022-06-22&toDate=2022-06-22 HTTP/1.1" 200 503
06/22/2022 05:20:04 PM  * Detected change in 'C:\\Users\\kemalyesildagli\\Documents\\Projects\\priority-synel\\app.py', reloading
06/22/2022 05:20:04 PM  * Restarting with stat
06/22/2022 05:20:05 PM Starting new HTTPS connection (1): apidev.medatecherp.co.uk:443
06/22/2022 05:20:05 PM https://apidev.medatecherp.co.uk:443 "GET /odata/Priority/tabula.ini/demo/LOADUSERSBWORKHOURS?$filter=CURDATE%20eq%202022-06-22T00:00:00%2B01:00&$select=DNAME,%20USERBCODE,%20CURDATE,%20FROMTIME HTTP/1.1" 200 334
06/22/2022 05:20:05 PM Starting new HTTPS connection (1): dunlopsystems.synel-saas.com:443
06/22/2022 05:20:06 PM https://dunlopsystems.synel-saas.com:443 "GET /ExternalAccess/GetClockings?login=APIAccess&password=MTonHO)5,8TS&fromDate=2022-06-22&toDate=2022-06-22 HTTP/1.1" 200 503
06/22/2022 05:20:14 PM  * Detected change in 'C:\\Users\\kemalyesildagli\\Documents\\Projects\\priority-synel\\app.py', reloading
06/22/2022 05:20:14 PM  * Restarting with stat
06/22/2022 05:20:14 PM Starting new HTTPS connection (1): apidev.medatecherp.co.uk:443
06/22/2022 05:20:15 PM https://apidev.medatecherp.co.uk:443 "GET /odata/Priority/tabula.ini/demo/LOADUSERSBWORKHOURS?$filter=CURDATE%20eq%202022-06-22T00:00:00%2B01:00&$select=DNAME,%20USERBCODE,%20CURDATE,%20FROMTIME HTTP/1.1" 200 None
06/22/2022 05:20:15 PM Starting new HTTPS connection (1): dunlopsystems.synel-saas.com:443
06/22/2022 05:20:15 PM https://dunlopsystems.synel-saas.com:443 "GET /ExternalAccess/GetClockings?login=APIAccess&password=MTonHO)5,8TS&fromDate=2022-06-22&toDate=2022-06-22 HTTP/1.1" 200 503
06/22/2022 05:21:37 PM  * Detected change in 'C:\\Users\\kemalyesildagli\\Documents\\Projects\\priority-synel\\app.py', reloading
06/22/2022 05:21:37 PM  * Restarting with stat
06/22/2022 05:21:38 PM Starting new HTTPS connection (1): apidev.medatecherp.co.uk:443
06/22/2022 05:21:38 PM https://apidev.medatecherp.co.uk:443 "GET /odata/Priority/tabula.ini/demo/LOADUSERSBWORKHOURS?$filter=CURDATE%20eq%202022-06-22T00:00:00%2B01:00&$select=DNAME,%20USERBCODE,%20CURDATE,%20FROMTIME HTTP/1.1" 200 None
06/22/2022 05:21:38 PM Starting new HTTPS connection (1): dunlopsystems.synel-saas.com:443
06/22/2022 05:21:38 PM https://dunlopsystems.synel-saas.com:443 "GET /ExternalAccess/GetClockings?login=APIAccess&password=MTonHO)5,8TS&fromDate=2022-06-22&toDate=2022-06-22 HTTP/1.1" 200 503
06/22/2022 05:21:41 PM  * Detected change in 'C:\\Users\\kemalyesildagli\\Documents\\Projects\\priority-synel\\app.py', reloading
06/22/2022 05:21:41 PM  * Restarting with stat
06/22/2022 05:21:41 PM Starting new HTTPS connection (1): apidev.medatecherp.co.uk:443
06/22/2022 05:21:41 PM https://apidev.medatecherp.co.uk:443 "GET /odata/Priority/tabula.ini/demo/LOADUSERSBWORKHOURS?$filter=CURDATE%20eq%202022-06-22T00:00:00%2B01:00&$select=DNAME,%20USERBCODE,%20CURDATE,%20FROMTIME HTTP/1.1" 200 None
06/22/2022 05:21:41 PM Starting new HTTPS connection (1): dunlopsystems.synel-saas.com:443
06/22/2022 05:21:42 PM https://dunlopsystems.synel-saas.com:443 "GET /ExternalAccess/GetClockings?login=APIAccess&password=MTonHO)5,8TS&fromDate=2022-06-22&toDate=2022-06-22 HTTP/1.1" 200 503
06/22/2022 05:21:48 PM  * Detected change in 'C:\\Users\\kemalyesildagli\\Documents\\Projects\\priority-synel\\app.py', reloading
06/22/2022 05:21:48 PM  * Restarting with stat
06/22/2022 05:21:49 PM Starting new HTTPS connection (1): apidev.medatecherp.co.uk:443
06/22/2022 05:21:49 PM https://apidev.medatecherp.co.uk:443 "GET /odata/Priority/tabula.ini/demo/LOADUSERSBWORKHOURS?$filter=CURDATE%20eq%202022-06-22T00:00:00%2B01:00&$select=DNAME,%20USERBCODE,%20CURDATE,%20FROMTIME HTTP/1.1" 200 None
06/22/2022 05:21:49 PM Starting new HTTPS connection (1): dunlopsystems.synel-saas.com:443
06/22/2022 05:21:49 PM https://dunlopsystems.synel-saas.com:443 "GET /ExternalAccess/GetClockings?login=APIAccess&password=MTonHO)5,8TS&fromDate=2022-06-22&toDate=2022-06-22 HTTP/1.1" 200 503
06/22/2022 05:21:51 PM  * Detected change in 'C:\\Users\\kemalyesildagli\\Documents\\Projects\\priority-synel\\app.py', reloading
06/22/2022 05:21:51 PM  * Restarting with stat
06/22/2022 05:21:51 PM Starting new HTTPS connection (1): apidev.medatecherp.co.uk:443
06/22/2022 05:21:51 PM https://apidev.medatecherp.co.uk:443 "GET /odata/Priority/tabula.ini/demo/LOADUSERSBWORKHOURS?$filter=CURDATE%20eq%202022-06-22T00:00:00%2B01:00&$select=DNAME,%20USERBCODE,%20CURDATE,%20FROMTIME HTTP/1.1" 200 None
06/22/2022 05:21:51 PM Starting new HTTPS connection (1): dunlopsystems.synel-saas.com:443
06/22/2022 05:21:52 PM https://dunlopsystems.synel-saas.com:443 "GET /ExternalAccess/GetClockings?login=APIAccess&password=MTonHO)5,8TS&fromDate=2022-06-22&toDate=2022-06-22 HTTP/1.1" 200 503
06/22/2022 05:22:10 PM  * Detected change in 'C:\\Users\\kemalyesildagli\\Documents\\Projects\\priority-synel\\app.py', reloading
06/22/2022 05:22:10 PM  * Restarting with stat
06/22/2022 05:22:11 PM Starting new HTTPS connection (1): apidev.medatecherp.co.uk:443
06/22/2022 05:22:11 PM https://apidev.medatecherp.co.uk:443 "GET /odata/Priority/tabula.ini/demo/LOADUSERSBWORKHOURS?$filter=CURDATE%20eq%202022-06-22T00:00:00%2B01:00&$select=DNAME,%20USERBCODE,%20CURDATE,%20FROMTIME HTTP/1.1" 200 None
06/22/2022 05:22:11 PM Starting new HTTPS connection (1): dunlopsystems.synel-saas.com:443
06/22/2022 05:22:11 PM https://dunlopsystems.synel-saas.com:443 "GET /ExternalAccess/GetClockings?login=APIAccess&password=MTonHO)5,8TS&fromDate=2022-06-22&toDate=2022-06-22 HTTP/1.1" 200 503
06/22/2022 05:22:32 PM  * Detected change in 'C:\\Users\\kemalyesildagli\\Documents\\Projects\\priority-synel\\app.py', reloading
06/22/2022 05:22:32 PM  * Restarting with stat
06/22/2022 05:22:37 PM  * Restarting with stat
06/22/2022 05:22:38 PM Starting new HTTPS connection (1): apidev.medatecherp.co.uk:443
06/22/2022 05:22:38 PM https://apidev.medatecherp.co.uk:443 "GET /odata/Priority/tabula.ini/demo/LOADUSERSBWORKHOURS?$filter=CURDATE%20eq%202022-06-22T00:00:00%2B01:00&$select=DNAME,%20USERBCODE,%20CURDATE,%20FROMTIME HTTP/1.1" 200 None
06/22/2022 05:22:38 PM Starting new HTTPS connection (1): dunlopsystems.synel-saas.com:443
06/22/2022 05:22:39 PM https://dunlopsystems.synel-saas.com:443 "GET /ExternalAccess/GetClockings?login=APIAccess&password=MTonHO)5,8TS&fromDate=2022-06-22&toDate=2022-06-22 HTTP/1.1" 200 503
06/22/2022 05:22:39 PM Starting new HTTPS connection (1): apidev.medatecherp.co.uk:443
06/22/2022 05:22:39 PM https://apidev.medatecherp.co.uk:443 "GET /odata/Priority/tabula.ini/demo/LOADUSERSBWORKHOURS?$filter=CURDATE%20eq%202022-06-22T00:00:00%2B01:00&$select=DNAME,%20USERBCODE,%20CURDATE,%20FROMTIME HTTP/1.1" 200 None
06/22/2022 05:22:39 PM Starting new HTTPS connection (1): dunlopsystems.synel-saas.com:443
06/22/2022 05:22:39 PM https://dunlopsystems.synel-saas.com:443 "GET /ExternalAccess/GetClockings?login=APIAccess&password=MTonHO)5,8TS&fromDate=2022-06-22&toDate=2022-06-22 HTTP/1.1" 200 503
06/22/2022 05:22:56 PM  * Detected change in 'C:\\Users\\kemalyesildagli\\Documents\\Projects\\priority-synel\\app.py', reloading
06/22/2022 05:22:56 PM  * Restarting with stat
06/22/2022 05:22:56 PM Starting new HTTPS connection (1): apidev.medatecherp.co.uk:443
06/22/2022 05:22:57 PM https://apidev.medatecherp.co.uk:443 "GET /odata/Priority/tabula.ini/demo/LOADUSERSBWORKHOURS?$filter=CURDATE%20eq%202022-06-22T00:00:00%2B01:00&$select=DNAME,%20USERBCODE,%20CURDATE,%20FROMTIME HTTP/1.1" 200 None
06/22/2022 05:22:57 PM Starting new HTTPS connection (1): dunlopsystems.synel-saas.com:443
06/22/2022 05:22:57 PM https://dunlopsystems.synel-saas.com:443 "GET /ExternalAccess/GetClockings?login=APIAccess&password=MTonHO)5,8TS&fromDate=2022-06-22&toDate=2022-06-22 HTTP/1.1" 200 503
06/22/2022 05:23:09 PM  * Detected change in 'C:\\Users\\kemalyesildagli\\Documents\\Projects\\priority-synel\\app.py', reloading
06/22/2022 05:23:09 PM  * Restarting with stat
06/22/2022 05:23:10 PM Starting new HTTPS connection (1): apidev.medatecherp.co.uk:443
06/22/2022 05:23:10 PM https://apidev.medatecherp.co.uk:443 "GET /odata/Priority/tabula.ini/demo/LOADUSERSBWORKHOURS?$filter=CURDATE%20eq%202022-06-22T00:00:00%2B01:00&$select=DNAME,%20USERBCODE,%20CURDATE,%20FROMTIME HTTP/1.1" 200 None
06/22/2022 05:23:10 PM Starting new HTTPS connection (1): dunlopsystems.synel-saas.com:443
06/22/2022 05:23:11 PM https://dunlopsystems.synel-saas.com:443 "GET /ExternalAccess/GetClockings?login=APIAccess&password=MTonHO)5,8TS&fromDate=2022-06-22&toDate=2022-06-22 HTTP/1.1" 200 503
06/22/2022 05:23:36 PM  * Detected change in 'C:\\Users\\kemalyesildagli\\Documents\\Projects\\priority-synel\\app.py', reloading
06/22/2022 05:23:36 PM  * Restarting with stat
06/22/2022 05:23:37 PM Starting new HTTPS connection (1): apidev.medatecherp.co.uk:443
06/22/2022 05:23:37 PM https://apidev.medatecherp.co.uk:443 "GET /odata/Priority/tabula.ini/demo/LOADUSERSBWORKHOURS?$filter=CURDATE%20eq%202022-06-22T00:00:00%2B01:00&$select=DNAME,%20USERBCODE,%20CURDATE,%20FROMTIME HTTP/1.1" 200 None
06/22/2022 05:23:37 PM Starting new HTTPS connection (1): dunlopsystems.synel-saas.com:443
06/22/2022 05:23:37 PM https://dunlopsystems.synel-saas.com:443 "GET /ExternalAccess/GetClockings?login=APIAccess&password=MTonHO)5,8TS&fromDate=2022-06-22&toDate=2022-06-22 HTTP/1.1" 200 503
06/22/2022 05:23:44 PM  * Detected change in 'C:\\Users\\kemalyesildagli\\Documents\\Projects\\priority-synel\\app.py', reloading
06/22/2022 05:23:44 PM  * Restarting with stat
06/22/2022 05:23:44 PM Starting new HTTPS connection (1): apidev.medatecherp.co.uk:443
06/22/2022 05:23:44 PM https://apidev.medatecherp.co.uk:443 "GET /odata/Priority/tabula.ini/demo/LOADUSERSBWORKHOURS?$filter=CURDATE%20eq%202022-06-22T00:00:00%2B01:00&$select=DNAME,%20USERBCODE,%20CURDATE,%20FROMTIME HTTP/1.1" 200 None
06/22/2022 05:23:44 PM Starting new HTTPS connection (1): dunlopsystems.synel-saas.com:443
06/22/2022 05:23:45 PM https://dunlopsystems.synel-saas.com:443 "GET /ExternalAccess/GetClockings?login=APIAccess&password=MTonHO)5,8TS&fromDate=2022-06-22&toDate=2022-06-22 HTTP/1.1" 200 503
06/22/2022 05:25:55 PM  * Detected change in 'C:\\Users\\kemalyesildagli\\Documents\\Projects\\priority-synel\\app.py', reloading
06/22/2022 05:25:55 PM  * Restarting with stat
06/22/2022 05:25:55 PM Starting new HTTPS connection (1): apidev.medatecherp.co.uk:443
06/22/2022 05:25:55 PM https://apidev.medatecherp.co.uk:443 "GET /odata/Priority/tabula.ini/demo/LOADUSERSBWORKHOURS?$filter=CURDATE%20eq%202022-06-22T00:00:00%2B01:00&$select=DNAME,%20USERBCODE,%20CURDATE,%20FROMTIME HTTP/1.1" 200 None
06/22/2022 05:25:55 PM Starting new HTTPS connection (1): dunlopsystems.synel-saas.com:443
06/22/2022 05:25:56 PM https://dunlopsystems.synel-saas.com:443 "GET /ExternalAccess/GetClockings?login=APIAccess&password=MTonHO)5,8TS&fromDate=2022-06-22&toDate=2022-06-22 HTTP/1.1" 200 503
06/22/2022 05:26:00 PM Starting new HTTPS connection (1): apidev.medatecherp.co.uk:443
06/22/2022 05:26:01 PM https://apidev.medatecherp.co.uk:443 "GET /odata/Priority/tabula.ini/demo/LOADUSERSBWORKHOURS?$filter=CURDATE%20eq%202022-06-22T00:00:00%2B01:00&$select=DNAME,%20USERBCODE,%20CURDATE,%20FROMTIME HTTP/1.1" 200 None
06/22/2022 05:26:01 PM Starting new HTTPS connection (1): dunlopsystems.synel-saas.com:443
06/22/2022 05:26:01 PM https://dunlopsystems.synel-saas.com:443 "GET /ExternalAccess/GetClockings?login=APIAccess&password=MTonHO)5,8TS&fromDate=2022-06-22&toDate=2022-06-22 HTTP/1.1" 200 503
06/22/2022 05:26:31 PM Starting new HTTPS connection (1): apidev.medatecherp.co.uk:443
06/22/2022 05:26:31 PM https://apidev.medatecherp.co.uk:443 "GET /odata/Priority/tabula.ini/demo/LOADUSERSBWORKHOURS?$filter=CURDATE%20eq%202022-06-22T00:00:00%2B01:00&$select=DNAME,%20USERBCODE,%20CURDATE,%20FROMTIME HTTP/1.1" 200 None
06/22/2022 05:26:31 PM Starting new HTTPS connection (1): dunlopsystems.synel-saas.com:443
06/22/2022 05:26:31 PM https://dunlopsystems.synel-saas.com:443 "GET /ExternalAccess/GetClockings?login=APIAccess&password=MTonHO)5,8TS&fromDate=2022-06-22&toDate=2022-06-22 HTTP/1.1" 200 503
06/22/2022 05:26:31 PM  * Running on http://127.0.0.1:5000 (Press CTRL+C to quit)
06/22/2022 05:26:31 PM  * Restarting with stat
06/22/2022 05:26:32 PM Starting new HTTPS connection (1): apidev.medatecherp.co.uk:443
06/22/2022 05:26:32 PM https://apidev.medatecherp.co.uk:443 "GET /odata/Priority/tabula.ini/demo/LOADUSERSBWORKHOURS?$filter=CURDATE%20eq%202022-06-22T00:00:00%2B01:00&$select=DNAME,%20USERBCODE,%20CURDATE,%20FROMTIME HTTP/1.1" 200 None
06/22/2022 05:26:32 PM Starting new HTTPS connection (1): dunlopsystems.synel-saas.com:443
06/22/2022 05:26:33 PM https://dunlopsystems.synel-saas.com:443 "GET /ExternalAccess/GetClockings?login=APIAccess&password=MTonHO)5,8TS&fromDate=2022-06-22&toDate=2022-06-22 HTTP/1.1" 200 503
06/22/2022 05:26:42 PM  * Detected change in 'C:\\Users\\kemalyesildagli\\Documents\\Projects\\priority-synel\\app.py', reloading
06/22/2022 05:26:42 PM  * Restarting with stat
06/22/2022 05:26:42 PM Starting new HTTPS connection (1): apidev.medatecherp.co.uk:443
06/22/2022 05:26:43 PM https://apidev.medatecherp.co.uk:443 "GET /odata/Priority/tabula.ini/demo/LOADUSERSBWORKHOURS?$filter=CURDATE%20eq%202022-06-22T00:00:00%2B01:00&$select=DNAME,%20USERBCODE,%20CURDATE,%20FROMTIME HTTP/1.1" 200 None
06/22/2022 05:26:43 PM Starting new HTTPS connection (1): dunlopsystems.synel-saas.com:443
06/22/2022 05:26:43 PM https://dunlopsystems.synel-saas.com:443 "GET /ExternalAccess/GetClockings?login=APIAccess&password=MTonHO)5,8TS&fromDate=2022-06-22&toDate=2022-06-22 HTTP/1.1" 200 503
06/22/2022 05:29:54 PM  * Detected change in 'C:\\Users\\kemalyesildagli\\Documents\\Projects\\priority-synel\\app.py', reloading
06/22/2022 05:29:54 PM  * Restarting with stat
06/22/2022 05:29:55 PM Starting new HTTPS connection (1): apidev.medatecherp.co.uk:443
06/22/2022 05:29:55 PM https://apidev.medatecherp.co.uk:443 "GET /odata/Priority/tabula.ini/demo/LOADUSERSBWORKHOURS?$filter=CURDATE%20eq%202022-06-22T00:00:00%2B01:00&$select=DNAME,%20USERBCODE,%20CURDATE,%20FROMTIME HTTP/1.1" 200 None
06/22/2022 05:29:55 PM Starting new HTTPS connection (1): dunlopsystems.synel-saas.com:443
06/22/2022 05:29:56 PM https://dunlopsystems.synel-saas.com:443 "GET /ExternalAccess/GetClockings?login=APIAccess&password=MTonHO)5,8TS&fromDate=2022-06-22&toDate=2022-06-22 HTTP/1.1" 200 503
06/22/2022 05:30:14 PM  * Detected change in 'C:\\Users\\kemalyesildagli\\Documents\\Projects\\priority-synel\\app.py', reloading
06/22/2022 05:30:14 PM  * Restarting with stat
06/22/2022 05:30:15 PM Starting new HTTPS connection (1): dunlopsystems.synel-saas.com:443
06/22/2022 05:30:15 PM https://dunlopsystems.synel-saas.com:443 "GET /ExternalAccess/GetClockings?login=APIAccess&password=MTonHO)5,8TS&fromDate=2022-06-22&toDate=2022-06-22 HTTP/1.1" 200 503
06/22/2022 05:30:15 PM Starting new HTTPS connection (1): apidev.medatecherp.co.uk:443
06/22/2022 05:30:15 PM https://apidev.medatecherp.co.uk:443 "GET /odata/Priority/tabula.ini/demo/LOADUSERSBWORKHOURS?$filter=CURDATE%20eq%202022-06-22T00:00:00%2B01:00&$select=DNAME,%20USERBCODE,%20CURDATE,%20FROMTIME HTTP/1.1" 200 None
06/22/2022 05:30:15 PM Starting new HTTPS connection (1): apidev.medatecherp.co.uk:443
06/22/2022 05:30:15 PM https://apidev.medatecherp.co.uk:443 "POST /odata/Priority/tabula.ini/demo/LOADUSERSBWORKHOURS HTTP/1.1" 500 None
06/22/2022 05:31:10 PM  * Detected change in 'C:\\Users\\kemalyesildagli\\Documents\\Projects\\priority-synel\\app.py', reloading
06/22/2022 05:31:10 PM  * Restarting with stat
06/22/2022 05:31:11 PM Starting new HTTPS connection (1): dunlopsystems.synel-saas.com:443
06/22/2022 05:31:11 PM https://dunlopsystems.synel-saas.com:443 "GET /ExternalAccess/GetClockings?login=APIAccess&password=MTonHO)5,8TS&fromDate=2022-06-22&toDate=2022-06-22 HTTP/1.1" 200 503
06/22/2022 05:31:11 PM Starting new HTTPS connection (1): apidev.medatecherp.co.uk:443
06/22/2022 05:31:11 PM https://apidev.medatecherp.co.uk:443 "GET /odata/Priority/tabula.ini/demo/LOADUSERSBWORKHOURS?$filter=CURDATE%20eq%202022-06-22T00:00:00%2B01:00&$select=DNAME,%20USERBCODE,%20CURDATE,%20FROMTIME HTTP/1.1" 200 None
06/22/2022 05:31:11 PM Starting new HTTPS connection (1): apidev.medatecherp.co.uk:443
06/22/2022 05:31:11 PM https://apidev.medatecherp.co.uk:443 "POST /odata/Priority/tabula.ini/demo/LOADUSERSBWORKHOURS HTTP/1.1" 500 572
06/22/2022 05:31:11 PM Starting new HTTPS connection (1): apidev.medatecherp.co.uk:443
06/22/2022 05:31:12 PM https://apidev.medatecherp.co.uk:443 "POST /odata/Priority/tabula.ini/demo/LOADUSERSBWORKHOURS HTTP/1.1" 500 572
06/22/2022 05:31:12 PM Starting new HTTPS connection (1): apidev.medatecherp.co.uk:443
06/22/2022 05:31:12 PM https://apidev.medatecherp.co.uk:443 "POST /odata/Priority/tabula.ini/demo/LOADUSERSBWORKHOURS HTTP/1.1" 500 572
06/22/2022 05:31:29 PM  * Detected change in 'C:\\Users\\kemalyesildagli\\Documents\\Projects\\priority-synel\\app.py', reloading
06/22/2022 05:31:29 PM  * Restarting with stat
06/22/2022 05:31:29 PM Starting new HTTPS connection (1): dunlopsystems.synel-saas.com:443
06/22/2022 05:31:30 PM https://dunlopsystems.synel-saas.com:443 "GET /ExternalAccess/GetClockings?login=APIAccess&password=MTonHO)5,8TS&fromDate=2022-06-22&toDate=2022-06-22 HTTP/1.1" 200 503
06/22/2022 05:31:30 PM Starting new HTTPS connection (1): apidev.medatecherp.co.uk:443
06/22/2022 05:31:30 PM https://apidev.medatecherp.co.uk:443 "GET /odata/Priority/tabula.ini/demo/LOADUSERSBWORKHOURS?$filter=CURDATE%20eq%202022-06-22T00:00:00%2B01:00&$select=DNAME,%20USERBCODE,%20CURDATE,%20FROMTIME HTTP/1.1" 200 None
06/22/2022 05:31:30 PM Starting new HTTPS connection (1): apidev.medatecherp.co.uk:443
06/22/2022 05:31:30 PM https://apidev.medatecherp.co.uk:443 "POST /odata/Priority/tabula.ini/demo/LOADUSERSBWORKHOURS HTTP/1.1" 500 None
06/22/2022 05:31:30 PM Starting new HTTPS connection (1): apidev.medatecherp.co.uk:443
06/22/2022 05:31:30 PM https://apidev.medatecherp.co.uk:443 "POST /odata/Priority/tabula.ini/demo/LOADUSERSBWORKHOURS HTTP/1.1" 500 572
06/22/2022 05:31:30 PM Starting new HTTPS connection (1): apidev.medatecherp.co.uk:443
06/22/2022 05:31:30 PM https://apidev.medatecherp.co.uk:443 "POST /odata/Priority/tabula.ini/demo/LOADUSERSBWORKHOURS HTTP/1.1" 500 572
06/22/2022 05:31:46 PM  * Detected change in 'C:\\Users\\kemalyesildagli\\Documents\\Projects\\priority-synel\\app.py', reloading
06/22/2022 05:31:46 PM  * Restarting with stat
06/22/2022 05:31:47 PM Starting new HTTPS connection (1): dunlopsystems.synel-saas.com:443
06/22/2022 05:31:48 PM https://dunlopsystems.synel-saas.com:443 "GET /ExternalAccess/GetClockings?login=APIAccess&password=MTonHO)5,8TS&fromDate=2022-06-22&toDate=2022-06-22 HTTP/1.1" 200 503
06/22/2022 05:31:48 PM Starting new HTTPS connection (1): apidev.medatecherp.co.uk:443
06/22/2022 05:31:48 PM https://apidev.medatecherp.co.uk:443 "GET /odata/Priority/tabula.ini/demo/LOADUSERSBWORKHOURS?$filter=CURDATE%20eq%202022-06-22T00:00:00%2B01:00&$select=DNAME,%20USERBCODE,%20CURDATE,%20FROMTIME HTTP/1.1" 200 None
06/22/2022 05:31:48 PM Starting new HTTPS connection (1): apidev.medatecherp.co.uk:443
06/22/2022 05:31:48 PM https://apidev.medatecherp.co.uk:443 "POST /odata/Priority/tabula.ini/demo/LOADUSERSBWORKHOURS HTTP/1.1" 201 None
06/22/2022 05:31:48 PM Starting new HTTPS connection (1): apidev.medatecherp.co.uk:443
06/22/2022 05:31:48 PM https://apidev.medatecherp.co.uk:443 "POST /odata/Priority/tabula.ini/demo/LOADUSERSBWORKHOURS HTTP/1.1" 201 None
06/22/2022 05:31:48 PM Starting new HTTPS connection (1): apidev.medatecherp.co.uk:443
06/22/2022 05:31:49 PM https://apidev.medatecherp.co.uk:443 "POST /odata/Priority/tabula.ini/demo/LOADUSERSBWORKHOURS HTTP/1.1" 201 None
06/22/2022 05:31:55 PM  * Detected change in 'C:\\Users\\kemalyesildagli\\Documents\\Projects\\priority-synel\\app.py', reloading
06/22/2022 05:31:55 PM  * Restarting with stat
06/22/2022 05:31:55 PM Starting new HTTPS connection (1): dunlopsystems.synel-saas.com:443
06/22/2022 05:31:56 PM https://dunlopsystems.synel-saas.com:443 "GET /ExternalAccess/GetClockings?login=APIAccess&password=MTonHO)5,8TS&fromDate=2022-06-22&toDate=2022-06-22 HTTP/1.1" 200 503
06/22/2022 05:31:56 PM Starting new HTTPS connection (1): apidev.medatecherp.co.uk:443
06/22/2022 05:31:56 PM https://apidev.medatecherp.co.uk:443 "GET /odata/Priority/tabula.ini/demo/LOADUSERSBWORKHOURS?$filter=CURDATE%20eq%202022-06-22T00:00:00%2B01:00&$select=DNAME,%20USERBCODE,%20CURDATE,%20FROMTIME HTTP/1.1" 200 None
06/22/2022 05:32:29 PM  * Detected change in 'C:\\Users\\kemalyesildagli\\Documents\\Projects\\priority-synel\\app.py', reloading
06/22/2022 05:32:29 PM  * Restarting with stat
06/22/2022 05:32:29 PM Starting new HTTPS connection (1): dunlopsystems.synel-saas.com:443
06/22/2022 05:32:29 PM https://dunlopsystems.synel-saas.com:443 "GET /ExternalAccess/GetClockings?login=APIAccess&password=MTonHO)5,8TS&fromDate=2022-06-22&toDate=2022-06-22 HTTP/1.1" 200 503
06/22/2022 05:32:29 PM Starting new HTTPS connection (1): apidev.medatecherp.co.uk:443
06/22/2022 05:32:30 PM https://apidev.medatecherp.co.uk:443 "GET /odata/Priority/tabula.ini/demo/LOADUSERSBWORKHOURS?$filter=CURDATE%20eq%202022-06-22T00:00:00%2B01:00&$select=DNAME,%20USERBCODE,%20CURDATE,%20FROMTIME HTTP/1.1" 200 None
06/22/2022 05:34:48 PM  * Detected change in 'C:\\Users\\kemalyesildagli\\Documents\\Projects\\priority-synel\\app.py', reloading
06/22/2022 05:34:48 PM  * Restarting with stat
06/22/2022 05:34:48 PM Starting new HTTPS connection (1): dunlopsystems.synel-saas.com:443
06/22/2022 05:34:48 PM https://dunlopsystems.synel-saas.com:443 "GET /ExternalAccess/GetClockings?login=APIAccess&password=MTonHO)5,8TS&fromDate=2022-06-22&toDate=2022-06-22 HTTP/1.1" 200 754
06/22/2022 05:34:48 PM Starting new HTTPS connection (1): apidev.medatecherp.co.uk:443
06/22/2022 05:34:49 PM https://apidev.medatecherp.co.uk:443 "GET /odata/Priority/tabula.ini/demo/LOADUSERSBWORKHOURS?$filter=CURDATE%20eq%202022-06-22T00:00:00%2B01:00&$select=DNAME,%20USERBCODE,%20CURDATE,%20FROMTIME HTTP/1.1" 200 None
06/22/2022 05:34:49 PM Starting new HTTPS connection (1): apidev.medatecherp.co.uk:443
06/22/2022 05:34:49 PM https://apidev.medatecherp.co.uk:443 "POST /odata/Priority/tabula.ini/demo/LOADUSERSBWORKHOURS HTTP/1.1" 201 None
06/22/2022 05:34:49 PM Starting new HTTPS connection (1): apidev.medatecherp.co.uk:443
06/22/2022 05:34:49 PM https://apidev.medatecherp.co.uk:443 "POST /odata/Priority/tabula.ini/demo/LOADUSERSBWORKHOURS HTTP/1.1" 201 None
06/22/2022 05:34:52 PM  * Detected change in 'C:\\Users\\kemalyesildagli\\Documents\\Projects\\priority-synel\\app.py', reloading
06/22/2022 05:34:52 PM  * Restarting with stat
06/22/2022 05:34:53 PM Starting new HTTPS connection (1): dunlopsystems.synel-saas.com:443
06/22/2022 05:34:53 PM https://dunlopsystems.synel-saas.com:443 "GET /ExternalAccess/GetClockings?login=APIAccess&password=MTonHO)5,8TS&fromDate=2022-06-22&toDate=2022-06-22 HTTP/1.1" 200 754
06/22/2022 05:34:53 PM Starting new HTTPS connection (1): apidev.medatecherp.co.uk:443
06/22/2022 05:34:54 PM https://apidev.medatecherp.co.uk:443 "GET /odata/Priority/tabula.ini/demo/LOADUSERSBWORKHOURS?$filter=CURDATE%20eq%202022-06-22T00:00:00%2B01:00&$select=DNAME,%20USERBCODE,%20CURDATE,%20FROMTIME HTTP/1.1" 200 None
06/22/2022 05:36:52 PM  * Detected change in 'C:\\Users\\kemalyesildagli\\Documents\\Projects\\priority-synel\\app.py', reloading
06/22/2022 05:36:52 PM  * Restarting with stat
